[类型]:Error
[线程]:4
[内存]:5.45M
[时间]:2013-08-27 10:18:27
[内容]:未能加载文件或程序集“file:///F:\HYFrameWork\HYPDM\src\HYPDM\bin\grdes50.dll”或它的某一个依赖项。该模块应包含一个程序集清单。
[来源]:mscorlib
[目标]:System.Reflection.RuntimeAssembly _nLoad(System.Reflection.AssemblyName, System.String, System.Security.Policy.Evidence, System.Reflection.RuntimeAssembly, System.Threading.StackCrawlMark ByRef, IntPtr, Boolean, Boolean, Boolean)
[堆栈]:   在 System.Reflection.RuntimeAssembly._nLoad(AssemblyName fileName, String codeBase, Evidence assemblySecurity, RuntimeAssembly locationHint, StackCrawlMark& stackMark, IntPtr pPrivHostBinder, Boolean throwOnFileNotFound, Boolean forIntrospection, Boolean suppressSecurityChecks)
   在 System.Reflection.RuntimeAssembly.nLoad(AssemblyName fileName, String codeBase, Evidence assemblySecurity, RuntimeAssembly locationHint, StackCrawlMark& stackMark, IntPtr pPrivHostBinder, Boolean throwOnFileNotFound, Boolean forIntrospection, Boolean suppressSecurityChecks)
   在 System.Reflection.RuntimeAssembly.InternalLoadAssemblyName(AssemblyName assemblyRef, Evidence assemblySecurity, RuntimeAssembly reqAssembly, StackCrawlMark& stackMark, IntPtr pPrivHostBinder, Boolean throwOnFileNotFound, Boolean forIntrospection, Boolean suppressSecurityChecks)
   在 System.Reflection.RuntimeAssembly.InternalLoadFrom(String assemblyFile, Evidence securityEvidence, Byte[] hashValue, AssemblyHashAlgorithm hashAlgorithm, Boolean forIntrospection, Boolean suppressSecurityChecks, StackCrawlMark& stackMark)
   在 System.Reflection.Assembly.LoadFrom(String assemblyFile)
   在 pCKcuaXRxRTuflTvq5U.IdZctsXgcUQJ97jYlAs.aAXRL1QpsJIXh5FVH2Z(Object )
   在 pCKcuaXRxRTuflTvq5U.IdZctsXgcUQJ97jYlAs.TyLgiLsWNe(String )


[类型]:Error
[线程]:4
[内存]:5.54M
[时间]:2013-08-27 10:18:27
[内容]:未能加载文件或程序集“file:///F:\HYFrameWork\HYPDM\src\HYPDM\bin\gregn50.dll”或它的某一个依赖项。该模块应包含一个程序集清单。
[来源]:mscorlib
[目标]:System.Reflection.RuntimeAssembly _nLoad(System.Reflection.AssemblyName, System.String, System.Security.Policy.Evidence, System.Reflection.RuntimeAssembly, System.Threading.StackCrawlMark ByRef, IntPtr, Boolean, Boolean, Boolean)
[堆栈]:   在 System.Reflection.RuntimeAssembly._nLoad(AssemblyName fileName, String codeBase, Evidence assemblySecurity, RuntimeAssembly locationHint, StackCrawlMark& stackMark, IntPtr pPrivHostBinder, Boolean throwOnFileNotFound, Boolean forIntrospection, Boolean suppressSecurityChecks)
   在 System.Reflection.RuntimeAssembly.nLoad(AssemblyName fileName, String codeBase, Evidence assemblySecurity, RuntimeAssembly locationHint, StackCrawlMark& stackMark, IntPtr pPrivHostBinder, Boolean throwOnFileNotFound, Boolean forIntrospection, Boolean suppressSecurityChecks)
   在 System.Reflection.RuntimeAssembly.InternalLoadAssemblyName(AssemblyName assemblyRef, Evidence assemblySecurity, RuntimeAssembly reqAssembly, StackCrawlMark& stackMark, IntPtr pPrivHostBinder, Boolean throwOnFileNotFound, Boolean forIntrospection, Boolean suppressSecurityChecks)
   在 System.Reflection.RuntimeAssembly.InternalLoadFrom(String assemblyFile, Evidence securityEvidence, Byte[] hashValue, AssemblyHashAlgorithm hashAlgorithm, Boolean forIntrospection, Boolean suppressSecurityChecks, StackCrawlMark& stackMark)
   在 System.Reflection.Assembly.LoadFrom(String assemblyFile)
   在 pCKcuaXRxRTuflTvq5U.IdZctsXgcUQJ97jYlAs.aAXRL1QpsJIXh5FVH2Z(Object )
   在 pCKcuaXRxRTuflTvq5U.IdZctsXgcUQJ97jYlAs.TyLgiLsWNe(String )


[类型]:Error
[线程]:4
[内存]:6.26M
[时间]:2013-08-27 10:18:28
[内容]:未能加载文件或程序集“file:///F:\HYFrameWork\HYPDM\src\HYPDM\bin\grdes50.dll”或它的某一个依赖项。该模块应包含一个程序集清单。
[来源]:mscorlib
[目标]:System.Reflection.RuntimeAssembly _nLoad(System.Reflection.AssemblyName, System.String, System.Security.Policy.Evidence, System.Reflection.RuntimeAssembly, System.Threading.StackCrawlMark ByRef, IntPtr, Boolean, Boolean, Boolean)
[堆栈]:   在 System.Reflection.RuntimeAssembly._nLoad(AssemblyName fileName, String codeBase, Evidence assemblySecurity, RuntimeAssembly locationHint, StackCrawlMark& stackMark, IntPtr pPrivHostBinder, Boolean throwOnFileNotFound, Boolean forIntrospection, Boolean suppressSecurityChecks)
   在 System.Reflection.RuntimeAssembly.nLoad(AssemblyName fileName, String codeBase, Evidence assemblySecurity, RuntimeAssembly locationHint, StackCrawlMark& stackMark, IntPtr pPrivHostBinder, Boolean throwOnFileNotFound, Boolean forIntrospection, Boolean suppressSecurityChecks)
   在 System.Reflection.RuntimeAssembly.InternalLoadAssemblyName(AssemblyName assemblyRef, Evidence assemblySecurity, RuntimeAssembly reqAssembly, StackCrawlMark& stackMark, IntPtr pPrivHostBinder, Boolean throwOnFileNotFound, Boolean forIntrospection, Boolean suppressSecurityChecks)
   在 System.Reflection.RuntimeAssembly.InternalLoadFrom(String assemblyFile, Evidence securityEvidence, Byte[] hashValue, AssemblyHashAlgorithm hashAlgorithm, Boolean forIntrospection, Boolean suppressSecurityChecks, StackCrawlMark& stackMark)
   在 System.Reflection.Assembly.LoadFrom(String assemblyFile)
   在 pCKcuaXRxRTuflTvq5U.IdZctsXgcUQJ97jYlAs.aAXRL1QpsJIXh5FVH2Z(Object )
   在 pCKcuaXRxRTuflTvq5U.IdZctsXgcUQJ97jYlAs.TyLgiLsWNe(String )


[类型]:Error
[线程]:4
[内存]:6.41M
[时间]:2013-08-27 10:18:28
[内容]:未能加载文件或程序集“file:///F:\HYFrameWork\HYPDM\src\HYPDM\bin\gregn50.dll”或它的某一个依赖项。该模块应包含一个程序集清单。
[来源]:mscorlib
[目标]:System.Reflection.RuntimeAssembly _nLoad(System.Reflection.AssemblyName, System.String, System.Security.Policy.Evidence, System.Reflection.RuntimeAssembly, System.Threading.StackCrawlMark ByRef, IntPtr, Boolean, Boolean, Boolean)
[堆栈]:   在 System.Reflection.RuntimeAssembly._nLoad(AssemblyName fileName, String codeBase, Evidence assemblySecurity, RuntimeAssembly locationHint, StackCrawlMark& stackMark, IntPtr pPrivHostBinder, Boolean throwOnFileNotFound, Boolean forIntrospection, Boolean suppressSecurityChecks)
   在 System.Reflection.RuntimeAssembly.nLoad(AssemblyName fileName, String codeBase, Evidence assemblySecurity, RuntimeAssembly locationHint, StackCrawlMark& stackMark, IntPtr pPrivHostBinder, Boolean throwOnFileNotFound, Boolean forIntrospection, Boolean suppressSecurityChecks)
   在 System.Reflection.RuntimeAssembly.InternalLoadAssemblyName(AssemblyName assemblyRef, Evidence assemblySecurity, RuntimeAssembly reqAssembly, StackCrawlMark& stackMark, IntPtr pPrivHostBinder, Boolean throwOnFileNotFound, Boolean forIntrospection, Boolean suppressSecurityChecks)
   在 System.Reflection.RuntimeAssembly.InternalLoadFrom(String assemblyFile, Evidence securityEvidence, Byte[] hashValue, AssemblyHashAlgorithm hashAlgorithm, Boolean forIntrospection, Boolean suppressSecurityChecks, StackCrawlMark& stackMark)
   在 System.Reflection.Assembly.LoadFrom(String assemblyFile)
   在 pCKcuaXRxRTuflTvq5U.IdZctsXgcUQJ97jYlAs.aAXRL1QpsJIXh5FVH2Z(Object )
   在 pCKcuaXRxRTuflTvq5U.IdZctsXgcUQJ97jYlAs.TyLgiLsWNe(String )


[类型]:Error
[线程]:4
[内存]:5.45M
[时间]:2013-08-27 10:22:00
[内容]:未能加载文件或程序集“file:///F:\HYFrameWork\HYPDM\src\HYPDM\bin\grdes50.dll”或它的某一个依赖项。该模块应包含一个程序集清单。
[来源]:mscorlib
[目标]:System.Reflection.RuntimeAssembly _nLoad(System.Reflection.AssemblyName, System.String, System.Security.Policy.Evidence, System.Reflection.RuntimeAssembly, System.Threading.StackCrawlMark ByRef, IntPtr, Boolean, Boolean, Boolean)
[堆栈]:   在 System.Reflection.RuntimeAssembly._nLoad(AssemblyName fileName, String codeBase, Evidence assemblySecurity, RuntimeAssembly locationHint, StackCrawlMark& stackMark, IntPtr pPrivHostBinder, Boolean throwOnFileNotFound, Boolean forIntrospection, Boolean suppressSecurityChecks)
   在 System.Reflection.RuntimeAssembly.nLoad(AssemblyName fileName, String codeBase, Evidence assemblySecurity, RuntimeAssembly locationHint, StackCrawlMark& stackMark, IntPtr pPrivHostBinder, Boolean throwOnFileNotFound, Boolean forIntrospection, Boolean suppressSecurityChecks)
   在 System.Reflection.RuntimeAssembly.InternalLoadAssemblyName(AssemblyName assemblyRef, Evidence assemblySecurity, RuntimeAssembly reqAssembly, StackCrawlMark& stackMark, IntPtr pPrivHostBinder, Boolean throwOnFileNotFound, Boolean forIntrospection, Boolean suppressSecurityChecks)
   在 System.Reflection.RuntimeAssembly.InternalLoadFrom(String assemblyFile, Evidence securityEvidence, Byte[] hashValue, AssemblyHashAlgorithm hashAlgorithm, Boolean forIntrospection, Boolean suppressSecurityChecks, StackCrawlMark& stackMark)
   在 System.Reflection.Assembly.LoadFrom(String assemblyFile)
   在 pCKcuaXRxRTuflTvq5U.IdZctsXgcUQJ97jYlAs.aAXRL1QpsJIXh5FVH2Z(Object )
   在 pCKcuaXRxRTuflTvq5U.IdZctsXgcUQJ97jYlAs.TyLgiLsWNe(String )


[类型]:Error
[线程]:4
[内存]:5.53M
[时间]:2013-08-27 10:22:00
[内容]:未能加载文件或程序集“file:///F:\HYFrameWork\HYPDM\src\HYPDM\bin\gregn50.dll”或它的某一个依赖项。该模块应包含一个程序集清单。
[来源]:mscorlib
[目标]:System.Reflection.RuntimeAssembly _nLoad(System.Reflection.AssemblyName, System.String, System.Security.Policy.Evidence, System.Reflection.RuntimeAssembly, System.Threading.StackCrawlMark ByRef, IntPtr, Boolean, Boolean, Boolean)
[堆栈]:   在 System.Reflection.RuntimeAssembly._nLoad(AssemblyName fileName, String codeBase, Evidence assemblySecurity, RuntimeAssembly locationHint, StackCrawlMark& stackMark, IntPtr pPrivHostBinder, Boolean throwOnFileNotFound, Boolean forIntrospection, Boolean suppressSecurityChecks)
   在 System.Reflection.RuntimeAssembly.nLoad(AssemblyName fileName, String codeBase, Evidence assemblySecurity, RuntimeAssembly locationHint, StackCrawlMark& stackMark, IntPtr pPrivHostBinder, Boolean throwOnFileNotFound, Boolean forIntrospection, Boolean suppressSecurityChecks)
   在 System.Reflection.RuntimeAssembly.InternalLoadAssemblyName(AssemblyName assemblyRef, Evidence assemblySecurity, RuntimeAssembly reqAssembly, StackCrawlMark& stackMark, IntPtr pPrivHostBinder, Boolean throwOnFileNotFound, Boolean forIntrospection, Boolean suppressSecurityChecks)
   在 System.Reflection.RuntimeAssembly.InternalLoadFrom(String assemblyFile, Evidence securityEvidence, Byte[] hashValue, AssemblyHashAlgorithm hashAlgorithm, Boolean forIntrospection, Boolean suppressSecurityChecks, StackCrawlMark& stackMark)
   在 System.Reflection.Assembly.LoadFrom(String assemblyFile)
   在 pCKcuaXRxRTuflTvq5U.IdZctsXgcUQJ97jYlAs.aAXRL1QpsJIXh5FVH2Z(Object )
   在 pCKcuaXRxRTuflTvq5U.IdZctsXgcUQJ97jYlAs.TyLgiLsWNe(String )


[类型]:Error
[线程]:4
[内存]:3.34M
[时间]:2013-08-27 10:22:00
[内容]:未能加载文件或程序集“file:///F:\HYFrameWork\HYPDM\src\HYPDM\bin\grdes50.dll”或它的某一个依赖项。该模块应包含一个程序集清单。
[来源]:mscorlib
[目标]:System.Reflection.RuntimeAssembly _nLoad(System.Reflection.AssemblyName, System.String, System.Security.Policy.Evidence, System.Reflection.RuntimeAssembly, System.Threading.StackCrawlMark ByRef, IntPtr, Boolean, Boolean, Boolean)
[堆栈]:   在 System.Reflection.RuntimeAssembly._nLoad(AssemblyName fileName, String codeBase, Evidence assemblySecurity, RuntimeAssembly locationHint, StackCrawlMark& stackMark, IntPtr pPrivHostBinder, Boolean throwOnFileNotFound, Boolean forIntrospection, Boolean suppressSecurityChecks)
   在 System.Reflection.RuntimeAssembly.nLoad(AssemblyName fileName, String codeBase, Evidence assemblySecurity, RuntimeAssembly locationHint, StackCrawlMark& stackMark, IntPtr pPrivHostBinder, Boolean throwOnFileNotFound, Boolean forIntrospection, Boolean suppressSecurityChecks)
   在 System.Reflection.RuntimeAssembly.InternalLoadAssemblyName(AssemblyName assemblyRef, Evidence assemblySecurity, RuntimeAssembly reqAssembly, StackCrawlMark& stackMark, IntPtr pPrivHostBinder, Boolean throwOnFileNotFound, Boolean forIntrospection, Boolean suppressSecurityChecks)
   在 System.Reflection.RuntimeAssembly.InternalLoadFrom(String assemblyFile, Evidence securityEvidence, Byte[] hashValue, AssemblyHashAlgorithm hashAlgorithm, Boolean forIntrospection, Boolean suppressSecurityChecks, StackCrawlMark& stackMark)
   在 System.Reflection.Assembly.LoadFrom(String assemblyFile)
   在 pCKcuaXRxRTuflTvq5U.IdZctsXgcUQJ97jYlAs.aAXRL1QpsJIXh5FVH2Z(Object )
   在 pCKcuaXRxRTuflTvq5U.IdZctsXgcUQJ97jYlAs.TyLgiLsWNe(String )


[类型]:Error
[线程]:4
[内存]:3.44M
[时间]:2013-08-27 10:22:00
[内容]:未能加载文件或程序集“file:///F:\HYFrameWork\HYPDM\src\HYPDM\bin\gregn50.dll”或它的某一个依赖项。该模块应包含一个程序集清单。
[来源]:mscorlib
[目标]:System.Reflection.RuntimeAssembly _nLoad(System.Reflection.AssemblyName, System.String, System.Security.Policy.Evidence, System.Reflection.RuntimeAssembly, System.Threading.StackCrawlMark ByRef, IntPtr, Boolean, Boolean, Boolean)
[堆栈]:   在 System.Reflection.RuntimeAssembly._nLoad(AssemblyName fileName, String codeBase, Evidence assemblySecurity, RuntimeAssembly locationHint, StackCrawlMark& stackMark, IntPtr pPrivHostBinder, Boolean throwOnFileNotFound, Boolean forIntrospection, Boolean suppressSecurityChecks)
   在 System.Reflection.RuntimeAssembly.nLoad(AssemblyName fileName, String codeBase, Evidence assemblySecurity, RuntimeAssembly locationHint, StackCrawlMark& stackMark, IntPtr pPrivHostBinder, Boolean throwOnFileNotFound, Boolean forIntrospection, Boolean suppressSecurityChecks)
   在 System.Reflection.RuntimeAssembly.InternalLoadAssemblyName(AssemblyName assemblyRef, Evidence assemblySecurity, RuntimeAssembly reqAssembly, StackCrawlMark& stackMark, IntPtr pPrivHostBinder, Boolean throwOnFileNotFound, Boolean forIntrospection, Boolean suppressSecurityChecks)
   在 System.Reflection.RuntimeAssembly.InternalLoadFrom(String assemblyFile, Evidence securityEvidence, Byte[] hashValue, AssemblyHashAlgorithm hashAlgorithm, Boolean forIntrospection, Boolean suppressSecurityChecks, StackCrawlMark& stackMark)
   在 System.Reflection.Assembly.LoadFrom(String assemblyFile)
   在 pCKcuaXRxRTuflTvq5U.IdZctsXgcUQJ97jYlAs.aAXRL1QpsJIXh5FVH2Z(Object )
   在 pCKcuaXRxRTuflTvq5U.IdZctsXgcUQJ97jYlAs.TyLgiLsWNe(String )


