2013-06-26 15:38:46,Error - 初始化序列化==>加载程序集:E:\NET项目\HYPDM\bin\grdes50.dll时出错

[类型]:Error
[线程]:4
[内存]:3.68M
[时间]:2013-06-26 15:38:46
[内容]:未能加载文件或程序集“file:///E:\NET项目\HYPDM\bin\grdes50.dll”或它的某一个依赖项。该模块应包含一个程序集清单。
[来源]:mscorlib
[目标]:System.Reflection.RuntimeAssembly _nLoad(System.Reflection.AssemblyName, System.String, System.Security.Policy.Evidence, System.Reflection.RuntimeAssembly, System.Threading.StackCrawlMark ByRef, IntPtr, Boolean, Boolean, Boolean)
[堆栈]:   在 System.Reflection.RuntimeAssembly._nLoad(AssemblyName fileName, String codeBase, Evidence assemblySecurity, RuntimeAssembly locationHint, StackCrawlMark& stackMark, IntPtr pPrivHostBinder, Boolean throwOnFileNotFound, Boolean forIntrospection, Boolean suppressSecurityChecks)
   在 System.Reflection.RuntimeAssembly.nLoad(AssemblyName fileName, String codeBase, Evidence assemblySecurity, RuntimeAssembly locationHint, StackCrawlMark& stackMark, IntPtr pPrivHostBinder, Boolean throwOnFileNotFound, Boolean forIntrospection, Boolean suppressSecurityChecks)
   在 System.Reflection.RuntimeAssembly.InternalLoadAssemblyName(AssemblyName assemblyRef, Evidence assemblySecurity, RuntimeAssembly reqAssembly, StackCrawlMark& stackMark, IntPtr pPrivHostBinder, Boolean throwOnFileNotFound, Boolean forIntrospection, Boolean suppressSecurityChecks)
   在 System.Reflection.RuntimeAssembly.InternalLoadFrom(String assemblyFile, Evidence securityEvidence, Byte[] hashValue, AssemblyHashAlgorithm hashAlgorithm, Boolean forIntrospection, Boolean suppressSecurityChecks, StackCrawlMark& stackMark)
   在 System.Reflection.Assembly.LoadFrom(String assemblyFile)
   在 ASG74a44NWEteO0pe2F.NxK3Uj4n5yKfkYhU5OB.sLVccbTghw(String )


2013-06-26 15:38:46,Error - 初始化序列化==>加载程序集:E:\NET项目\HYPDM\bin\gregn50.dll时出错

[类型]:Error
[线程]:4
[内存]:3.80M
[时间]:2013-06-26 15:38:46
[内容]:未能加载文件或程序集“file:///E:\NET项目\HYPDM\bin\gregn50.dll”或它的某一个依赖项。该模块应包含一个程序集清单。
[来源]:mscorlib
[目标]:System.Reflection.RuntimeAssembly _nLoad(System.Reflection.AssemblyName, System.String, System.Security.Policy.Evidence, System.Reflection.RuntimeAssembly, System.Threading.StackCrawlMark ByRef, IntPtr, Boolean, Boolean, Boolean)
[堆栈]:   在 System.Reflection.RuntimeAssembly._nLoad(AssemblyName fileName, String codeBase, Evidence assemblySecurity, RuntimeAssembly locationHint, StackCrawlMark& stackMark, IntPtr pPrivHostBinder, Boolean throwOnFileNotFound, Boolean forIntrospection, Boolean suppressSecurityChecks)
   在 System.Reflection.RuntimeAssembly.nLoad(AssemblyName fileName, String codeBase, Evidence assemblySecurity, RuntimeAssembly locationHint, StackCrawlMark& stackMark, IntPtr pPrivHostBinder, Boolean throwOnFileNotFound, Boolean forIntrospection, Boolean suppressSecurityChecks)
   在 System.Reflection.RuntimeAssembly.InternalLoadAssemblyName(AssemblyName assemblyRef, Evidence assemblySecurity, RuntimeAssembly reqAssembly, StackCrawlMark& stackMark, IntPtr pPrivHostBinder, Boolean throwOnFileNotFound, Boolean forIntrospection, Boolean suppressSecurityChecks)
   在 System.Reflection.RuntimeAssembly.InternalLoadFrom(String assemblyFile, Evidence securityEvidence, Byte[] hashValue, AssemblyHashAlgorithm hashAlgorithm, Boolean forIntrospection, Boolean suppressSecurityChecks, StackCrawlMark& stackMark)
   在 System.Reflection.Assembly.LoadFrom(String assemblyFile)
   在 ASG74a44NWEteO0pe2F.NxK3Uj4n5yKfkYhU5OB.sLVccbTghw(String )


[类型]:Error
[线程]:5
[内存]:3.80M
[时间]:2013-06-26 15:38:46
[内容]:文件“E:\NET项目\HYPDM\bin\logs\Error\20130626.log”正由另一进程使用，因此该进程无法访问此文件。
[来源]:mscorlib
[目标]:Void WinIOError(Int32, System.String)
[堆栈]:   在 System.IO.__Error.WinIOError(Int32 errorCode, String maybeFullPath)
   在 System.IO.FileStream.Init(String path, FileMode mode, FileAccess access, Int32 rights, Boolean useRights, FileShare share, Int32 bufferSize, FileOptions options, SECURITY_ATTRIBUTES secAttrs, String msgPath, Boolean bFromProxy, Boolean useLongPath, Boolean checkHost)
   在 System.IO.FileStream..ctor(String path, FileMode mode, FileAccess access, FileShare share, Int32 bufferSize, FileOptions options, String msgPath, Boolean bFromProxy, Boolean useLongPath, Boolean checkHost)
   在 System.IO.StreamWriter.CreateFile(String path, Boolean append, Boolean checkHost)
   在 System.IO.StreamWriter..ctor(String path, Boolean append, Encoding encoding, Int32 bufferSize, Boolean checkHost)
   在 System.IO.StreamWriter..ctor(String path, Boolean append)
   在 System.IO.File.AppendText(String path)
   在 EAS.Services.TextLogger.Yoju9pAYm8OgRdqeDab(Object )
   在 EAS.Services.TextLogger.E4apVNWEte(cltCKunA6ct1woo0Mhe )
   在 EAS.Services.TextLogger.nU5pIOB0SG(StringBuilder , cltCKunA6ct1woo0Mhe )
   在 EAS.Services.TextLogger.EAS.Services.ILogger.Error(Exception exc)
   在 ocMIOinStqCwKZ2arLP.UD1wfbnlvcuh9faL2go.deBLhs5Qt66JMAUZiIE(Object , Object )
   在 ocMIOinStqCwKZ2arLP.UD1wfbnlvcuh9faL2go.sdDv3Ur0el(Exception )
   在 ELNFgb4UIs6y0oZEVY4.p9rEDf4YL2ZMhBciGgh.LVI2J6azSjVskJmQ9Fl(Object )
   在 ELNFgb4UIs6y0oZEVY4.p9rEDf4YL2ZMhBciGgh.B5AcylsUng(String )
   在 ELNFgb4UIs6y0oZEVY4.p9rEDf4YL2ZMhBciGgh.Initialize()
   在 uS1gDNn0kdAloYikVhH.xZOIYZnF9qRWPCtsavC.lpmGhhd4ue8bQAbF633(Object )
   在 uS1gDNn0kdAloYikVhH.xZOIYZnF9qRWPCtsavC..ctor(String , IAssemblyLoader )
   在 uS1gDNn0kdAloYikVhH.xZOIYZnF9qRWPCtsavC..ctor(IAssemblyLoader )
   在 EAS.Objects.ContainerBuilder.Builder(IAssemblyLoader loader)
   在 oQExwNYCUfs1Y9kU5J.MrymGFpXD2KPY3c1GR.DjC2Zn5el095EqRgkI(Object )
   在 oQExwNYCUfs1Y9kU5J.MrymGFpXD2KPY3c1GR..ctor()
   在 oQExwNYCUfs1Y9kU5J.MrymGFpXD2KPY3c1GR.WjV0BnIAF()
   在 oQExwNYCUfs1Y9kU5J.MrymGFpXD2KPY3c1GR.XXXUuvaLX2f1b2yjLw()
   在 oQExwNYCUfs1Y9kU5J.MrymGFpXD2KPY3c1GR.SV9MRxXPO()
   在 oQExwNYCUfs1Y9kU5J.MrymGFpXD2KPY3c1GR.WtVucRPMr5VmGaHEKv()
   在 oQExwNYCUfs1Y9kU5J.MrymGFpXD2KPY3c1GR.ppUFmGgW4(Type )
   在 EAS.Services.DirectServiceBridger.CAOHT5vXbXnvTAdT7M(Type )
   在 EAS.Services.DirectServiceBridger.InvokeMethod(Type serviceType, MethodBase method, Object[] args)
   在 KOyi3FnqQTQ8wHb7i3g.sCcYBpnEGUyBNbSeCIg.oakVATW7hBxojZIppXX(Object , Type serviceType, Object , Object )
   在 KOyi3FnqQTQ8wHb7i3g.sCcYBpnEGUyBNbSeCIg.Intercept(IInvocation , Object[] args)
   在 xNx2krndBHYKw7XxXD2.wF7Zw9nTtc82PkHSRGK.Invoke(IMessage )
   在 System.Runtime.Remoting.Proxies.RealProxy.PrivateInvoke(MessageData& msgData, Int32 type)
   在 EAS.Services.ITimeService.GetCurrentTime()
   在 NFxYsDRLPuNKsDg4uf3.artxlTR3FJoj1pqX0f9.ugLoTNB3tnp2mupxgXZ(Object )
   在 NFxYsDRLPuNKsDg4uf3.artxlTR3FJoj1pqX0f9.JyQCfjhLE4()


2013-06-26 15:38:46,Error - 初始化序列化==>加载程序集:E:\NET项目\HYPDM\bin\grdes50.dll时出错

[类型]:Error
[线程]:4
[内存]:6.55M
[时间]:2013-06-26 15:38:46
[内容]:未能加载文件或程序集“file:///E:\NET项目\HYPDM\bin\grdes50.dll”或它的某一个依赖项。该模块应包含一个程序集清单。
[来源]:mscorlib
[目标]:System.Reflection.RuntimeAssembly _nLoad(System.Reflection.AssemblyName, System.String, System.Security.Policy.Evidence, System.Reflection.RuntimeAssembly, System.Threading.StackCrawlMark ByRef, IntPtr, Boolean, Boolean, Boolean)
[堆栈]:   在 System.Reflection.RuntimeAssembly._nLoad(AssemblyName fileName, String codeBase, Evidence assemblySecurity, RuntimeAssembly locationHint, StackCrawlMark& stackMark, IntPtr pPrivHostBinder, Boolean throwOnFileNotFound, Boolean forIntrospection, Boolean suppressSecurityChecks)
   在 System.Reflection.RuntimeAssembly.nLoad(AssemblyName fileName, String codeBase, Evidence assemblySecurity, RuntimeAssembly locationHint, StackCrawlMark& stackMark, IntPtr pPrivHostBinder, Boolean throwOnFileNotFound, Boolean forIntrospection, Boolean suppressSecurityChecks)
   在 System.Reflection.RuntimeAssembly.InternalLoadAssemblyName(AssemblyName assemblyRef, Evidence assemblySecurity, RuntimeAssembly reqAssembly, StackCrawlMark& stackMark, IntPtr pPrivHostBinder, Boolean throwOnFileNotFound, Boolean forIntrospection, Boolean suppressSecurityChecks)
   在 System.Reflection.RuntimeAssembly.InternalLoadFrom(String assemblyFile, Evidence securityEvidence, Byte[] hashValue, AssemblyHashAlgorithm hashAlgorithm, Boolean forIntrospection, Boolean suppressSecurityChecks, StackCrawlMark& stackMark)
   在 System.Reflection.Assembly.LoadFrom(String assemblyFile)
   在 ASG74a44NWEteO0pe2F.NxK3Uj4n5yKfkYhU5OB.sLVccbTghw(String )


2013-06-26 15:38:47,Error - 初始化序列化==>加载程序集:E:\NET项目\HYPDM\bin\gregn50.dll时出错

[类型]:Error
[线程]:4
[内存]:6.65M
[时间]:2013-06-26 15:38:47
[内容]:未能加载文件或程序集“file:///E:\NET项目\HYPDM\bin\gregn50.dll”或它的某一个依赖项。该模块应包含一个程序集清单。
[来源]:mscorlib
[目标]:System.Reflection.RuntimeAssembly _nLoad(System.Reflection.AssemblyName, System.String, System.Security.Policy.Evidence, System.Reflection.RuntimeAssembly, System.Threading.StackCrawlMark ByRef, IntPtr, Boolean, Boolean, Boolean)
[堆栈]:   在 System.Reflection.RuntimeAssembly._nLoad(AssemblyName fileName, String codeBase, Evidence assemblySecurity, RuntimeAssembly locationHint, StackCrawlMark& stackMark, IntPtr pPrivHostBinder, Boolean throwOnFileNotFound, Boolean forIntrospection, Boolean suppressSecurityChecks)
   在 System.Reflection.RuntimeAssembly.nLoad(AssemblyName fileName, String codeBase, Evidence assemblySecurity, RuntimeAssembly locationHint, StackCrawlMark& stackMark, IntPtr pPrivHostBinder, Boolean throwOnFileNotFound, Boolean forIntrospection, Boolean suppressSecurityChecks)
   在 System.Reflection.RuntimeAssembly.InternalLoadAssemblyName(AssemblyName assemblyRef, Evidence assemblySecurity, RuntimeAssembly reqAssembly, StackCrawlMark& stackMark, IntPtr pPrivHostBinder, Boolean throwOnFileNotFound, Boolean forIntrospection, Boolean suppressSecurityChecks)
   在 System.Reflection.RuntimeAssembly.InternalLoadFrom(String assemblyFile, Evidence securityEvidence, Byte[] hashValue, AssemblyHashAlgorithm hashAlgorithm, Boolean forIntrospection, Boolean suppressSecurityChecks, StackCrawlMark& stackMark)
   在 System.Reflection.Assembly.LoadFrom(String assemblyFile)
   在 ASG74a44NWEteO0pe2F.NxK3Uj4n5yKfkYhU5OB.sLVccbTghw(String )


[类型]:Error
[线程]:1
[内存]:3.90M
[时间]:2013-06-26 15:38:50
[内容]:未能加载文件或程序集“file:///E:\NET项目\HYPDM\bin\grdes50.dll”或它的某一个依赖项。该模块应包含一个程序集清单。
[来源]:mscorlib
[目标]:System.Reflection.RuntimeAssembly _nLoad(System.Reflection.AssemblyName, System.String, System.Security.Policy.Evidence, System.Reflection.RuntimeAssembly, System.Threading.StackCrawlMark ByRef, IntPtr, Boolean, Boolean, Boolean)
[堆栈]:   在 System.Reflection.RuntimeAssembly._nLoad(AssemblyName fileName, String codeBase, Evidence assemblySecurity, RuntimeAssembly locationHint, StackCrawlMark& stackMark, IntPtr pPrivHostBinder, Boolean throwOnFileNotFound, Boolean forIntrospection, Boolean suppressSecurityChecks)
   在 System.Reflection.RuntimeAssembly.nLoad(AssemblyName fileName, String codeBase, Evidence assemblySecurity, RuntimeAssembly locationHint, StackCrawlMark& stackMark, IntPtr pPrivHostBinder, Boolean throwOnFileNotFound, Boolean forIntrospection, Boolean suppressSecurityChecks)
   在 System.Reflection.RuntimeAssembly.InternalLoadAssemblyName(AssemblyName assemblyRef, Evidence assemblySecurity, RuntimeAssembly reqAssembly, StackCrawlMark& stackMark, IntPtr pPrivHostBinder, Boolean throwOnFileNotFound, Boolean forIntrospection, Boolean suppressSecurityChecks)
   在 System.Reflection.RuntimeAssembly.InternalLoadFrom(String assemblyFile, Evidence securityEvidence, Byte[] hashValue, AssemblyHashAlgorithm hashAlgorithm, Boolean forIntrospection, Boolean suppressSecurityChecks, StackCrawlMark& stackMark)
   在 System.Reflection.Assembly.LoadFrom(String assemblyFile)
   在 ELNFgb4UIs6y0oZEVY4.p9rEDf4YL2ZMhBciGgh.qY5ZVgpGGEiheaoT66Q(Object )
   在 ELNFgb4UIs6y0oZEVY4.p9rEDf4YL2ZMhBciGgh.B5AcylsUng(String )


[类型]:Error
[线程]:1
[内存]:4.01M
[时间]:2013-06-26 15:38:50
[内容]:未能加载文件或程序集“file:///E:\NET项目\HYPDM\bin\gregn50.dll”或它的某一个依赖项。该模块应包含一个程序集清单。
[来源]:mscorlib
[目标]:System.Reflection.RuntimeAssembly _nLoad(System.Reflection.AssemblyName, System.String, System.Security.Policy.Evidence, System.Reflection.RuntimeAssembly, System.Threading.StackCrawlMark ByRef, IntPtr, Boolean, Boolean, Boolean)
[堆栈]:   在 System.Reflection.RuntimeAssembly._nLoad(AssemblyName fileName, String codeBase, Evidence assemblySecurity, RuntimeAssembly locationHint, StackCrawlMark& stackMark, IntPtr pPrivHostBinder, Boolean throwOnFileNotFound, Boolean forIntrospection, Boolean suppressSecurityChecks)
   在 System.Reflection.RuntimeAssembly.nLoad(AssemblyName fileName, String codeBase, Evidence assemblySecurity, RuntimeAssembly locationHint, StackCrawlMark& stackMark, IntPtr pPrivHostBinder, Boolean throwOnFileNotFound, Boolean forIntrospection, Boolean suppressSecurityChecks)
   在 System.Reflection.RuntimeAssembly.InternalLoadAssemblyName(AssemblyName assemblyRef, Evidence assemblySecurity, RuntimeAssembly reqAssembly, StackCrawlMark& stackMark, IntPtr pPrivHostBinder, Boolean throwOnFileNotFound, Boolean forIntrospection, Boolean suppressSecurityChecks)
   在 System.Reflection.RuntimeAssembly.InternalLoadFrom(String assemblyFile, Evidence securityEvidence, Byte[] hashValue, AssemblyHashAlgorithm hashAlgorithm, Boolean forIntrospection, Boolean suppressSecurityChecks, StackCrawlMark& stackMark)
   在 System.Reflection.Assembly.LoadFrom(String assemblyFile)
   在 ELNFgb4UIs6y0oZEVY4.p9rEDf4YL2ZMhBciGgh.qY5ZVgpGGEiheaoT66Q(Object )
   在 ELNFgb4UIs6y0oZEVY4.p9rEDf4YL2ZMhBciGgh.B5AcylsUng(String )


[类型]:Error
[线程]:1
[内存]:7.11M
[时间]:2013-06-26 15:38:50
[内容]:未能加载文件或程序集“file:///E:\NET项目\HYPDM\bin\grdes50.dll”或它的某一个依赖项。该模块应包含一个程序集清单。
[来源]:mscorlib
[目标]:System.Reflection.RuntimeAssembly _nLoad(System.Reflection.AssemblyName, System.String, System.Security.Policy.Evidence, System.Reflection.RuntimeAssembly, System.Threading.StackCrawlMark ByRef, IntPtr, Boolean, Boolean, Boolean)
[堆栈]:   在 System.Reflection.RuntimeAssembly._nLoad(AssemblyName fileName, String codeBase, Evidence assemblySecurity, RuntimeAssembly locationHint, StackCrawlMark& stackMark, IntPtr pPrivHostBinder, Boolean throwOnFileNotFound, Boolean forIntrospection, Boolean suppressSecurityChecks)
   在 System.Reflection.RuntimeAssembly.nLoad(AssemblyName fileName, String codeBase, Evidence assemblySecurity, RuntimeAssembly locationHint, StackCrawlMark& stackMark, IntPtr pPrivHostBinder, Boolean throwOnFileNotFound, Boolean forIntrospection, Boolean suppressSecurityChecks)
   在 System.Reflection.RuntimeAssembly.InternalLoadAssemblyName(AssemblyName assemblyRef, Evidence assemblySecurity, RuntimeAssembly reqAssembly, StackCrawlMark& stackMark, IntPtr pPrivHostBinder, Boolean throwOnFileNotFound, Boolean forIntrospection, Boolean suppressSecurityChecks)
   在 System.Reflection.RuntimeAssembly.InternalLoadFrom(String assemblyFile, Evidence securityEvidence, Byte[] hashValue, AssemblyHashAlgorithm hashAlgorithm, Boolean forIntrospection, Boolean suppressSecurityChecks, StackCrawlMark& stackMark)
   在 System.Reflection.Assembly.LoadFrom(String assemblyFile)
   在 ELNFgb4UIs6y0oZEVY4.p9rEDf4YL2ZMhBciGgh.qY5ZVgpGGEiheaoT66Q(Object )
   在 ELNFgb4UIs6y0oZEVY4.p9rEDf4YL2ZMhBciGgh.B5AcylsUng(String )


[类型]:Error
[线程]:1
[内存]:7.21M
[时间]:2013-06-26 15:38:50
[内容]:未能加载文件或程序集“file:///E:\NET项目\HYPDM\bin\gregn50.dll”或它的某一个依赖项。该模块应包含一个程序集清单。
[来源]:mscorlib
[目标]:System.Reflection.RuntimeAssembly _nLoad(System.Reflection.AssemblyName, System.String, System.Security.Policy.Evidence, System.Reflection.RuntimeAssembly, System.Threading.StackCrawlMark ByRef, IntPtr, Boolean, Boolean, Boolean)
[堆栈]:   在 System.Reflection.RuntimeAssembly._nLoad(AssemblyName fileName, String codeBase, Evidence assemblySecurity, RuntimeAssembly locationHint, StackCrawlMark& stackMark, IntPtr pPrivHostBinder, Boolean throwOnFileNotFound, Boolean forIntrospection, Boolean suppressSecurityChecks)
   在 System.Reflection.RuntimeAssembly.nLoad(AssemblyName fileName, String codeBase, Evidence assemblySecurity, RuntimeAssembly locationHint, StackCrawlMark& stackMark, IntPtr pPrivHostBinder, Boolean throwOnFileNotFound, Boolean forIntrospection, Boolean suppressSecurityChecks)
   在 System.Reflection.RuntimeAssembly.InternalLoadAssemblyName(AssemblyName assemblyRef, Evidence assemblySecurity, RuntimeAssembly reqAssembly, StackCrawlMark& stackMark, IntPtr pPrivHostBinder, Boolean throwOnFileNotFound, Boolean forIntrospection, Boolean suppressSecurityChecks)
   在 System.Reflection.RuntimeAssembly.InternalLoadFrom(String assemblyFile, Evidence securityEvidence, Byte[] hashValue, AssemblyHashAlgorithm hashAlgorithm, Boolean forIntrospection, Boolean suppressSecurityChecks, StackCrawlMark& stackMark)
   在 System.Reflection.Assembly.LoadFrom(String assemblyFile)
   在 ELNFgb4UIs6y0oZEVY4.p9rEDf4YL2ZMhBciGgh.qY5ZVgpGGEiheaoT66Q(Object )
   在 ELNFgb4UIs6y0oZEVY4.p9rEDf4YL2ZMhBciGgh.B5AcylsUng(String )


2013-06-26 15:43:49,Error - 初始化序列化==>加载程序集:E:\NET项目\HYPDM\bin\grdes50.dll时出错

[类型]:Error
[线程]:4
[内存]:3.68M
[时间]:2013-06-26 15:43:49
[内容]:未能加载文件或程序集“file:///E:\NET项目\HYPDM\bin\grdes50.dll”或它的某一个依赖项。该模块应包含一个程序集清单。
[来源]:mscorlib
[目标]:System.Reflection.RuntimeAssembly _nLoad(System.Reflection.AssemblyName, System.String, System.Security.Policy.Evidence, System.Reflection.RuntimeAssembly, System.Threading.StackCrawlMark ByRef, IntPtr, Boolean, Boolean, Boolean)
[堆栈]:   在 System.Reflection.RuntimeAssembly._nLoad(AssemblyName fileName, String codeBase, Evidence assemblySecurity, RuntimeAssembly locationHint, StackCrawlMark& stackMark, IntPtr pPrivHostBinder, Boolean throwOnFileNotFound, Boolean forIntrospection, Boolean suppressSecurityChecks)
   在 System.Reflection.RuntimeAssembly.nLoad(AssemblyName fileName, String codeBase, Evidence assemblySecurity, RuntimeAssembly locationHint, StackCrawlMark& stackMark, IntPtr pPrivHostBinder, Boolean throwOnFileNotFound, Boolean forIntrospection, Boolean suppressSecurityChecks)
   在 System.Reflection.RuntimeAssembly.InternalLoadAssemblyName(AssemblyName assemblyRef, Evidence assemblySecurity, RuntimeAssembly reqAssembly, StackCrawlMark& stackMark, IntPtr pPrivHostBinder, Boolean throwOnFileNotFound, Boolean forIntrospection, Boolean suppressSecurityChecks)
   在 System.Reflection.RuntimeAssembly.InternalLoadFrom(String assemblyFile, Evidence securityEvidence, Byte[] hashValue, AssemblyHashAlgorithm hashAlgorithm, Boolean forIntrospection, Boolean suppressSecurityChecks, StackCrawlMark& stackMark)
   在 System.Reflection.Assembly.LoadFrom(String assemblyFile)
   在 ASG74a44NWEteO0pe2F.NxK3Uj4n5yKfkYhU5OB.sLVccbTghw(String )


2013-06-26 15:43:49,Error - 初始化序列化==>加载程序集:E:\NET项目\HYPDM\bin\gregn50.dll时出错

[类型]:Error
[线程]:5
[内存]:3.82M
[时间]:2013-06-26 15:43:49
[内容]:文件“E:\NET项目\HYPDM\bin\logs\Error\20130626.log”正由另一进程使用，因此该进程无法访问此文件。
[来源]:mscorlib
[目标]:Void WinIOError(Int32, System.String)
[堆栈]:   在 System.IO.__Error.WinIOError(Int32 errorCode, String maybeFullPath)
   在 System.IO.FileStream.Init(String path, FileMode mode, FileAccess access, Int32 rights, Boolean useRights, FileShare share, Int32 bufferSize, FileOptions options, SECURITY_ATTRIBUTES secAttrs, String msgPath, Boolean bFromProxy, Boolean useLongPath, Boolean checkHost)
   在 System.IO.FileStream..ctor(String path, FileMode mode, FileAccess access, FileShare share, Int32 bufferSize, FileOptions options, String msgPath, Boolean bFromProxy, Boolean useLongPath, Boolean checkHost)
   在 System.IO.StreamWriter.CreateFile(String path, Boolean append, Boolean checkHost)
   在 System.IO.StreamWriter..ctor(String path, Boolean append, Encoding encoding, Int32 bufferSize, Boolean checkHost)
   在 System.IO.StreamWriter..ctor(String path, Boolean append)
   在 System.IO.File.AppendText(String path)
   在 EAS.Services.TextLogger.Yoju9pAYm8OgRdqeDab(Object )
   在 EAS.Services.TextLogger.E4apVNWEte(cltCKunA6ct1woo0Mhe )
   在 EAS.Services.TextLogger.nU5pIOB0SG(StringBuilder , cltCKunA6ct1woo0Mhe )
   在 EAS.Services.TextLogger.EAS.Services.ILogger.Error(Exception exc)
   在 ocMIOinStqCwKZ2arLP.UD1wfbnlvcuh9faL2go.deBLhs5Qt66JMAUZiIE(Object , Object )
   在 ocMIOinStqCwKZ2arLP.UD1wfbnlvcuh9faL2go.sdDv3Ur0el(Exception )
   在 ELNFgb4UIs6y0oZEVY4.p9rEDf4YL2ZMhBciGgh.LVI2J6azSjVskJmQ9Fl(Object )
   在 ELNFgb4UIs6y0oZEVY4.p9rEDf4YL2ZMhBciGgh.B5AcylsUng(String )
   在 ELNFgb4UIs6y0oZEVY4.p9rEDf4YL2ZMhBciGgh.Initialize()
   在 uS1gDNn0kdAloYikVhH.xZOIYZnF9qRWPCtsavC.lpmGhhd4ue8bQAbF633(Object )
   在 uS1gDNn0kdAloYikVhH.xZOIYZnF9qRWPCtsavC..ctor(String , IAssemblyLoader )
   在 uS1gDNn0kdAloYikVhH.xZOIYZnF9qRWPCtsavC..ctor(IAssemblyLoader )
   在 EAS.Objects.ContainerBuilder.Builder(IAssemblyLoader loader)
   在 oQExwNYCUfs1Y9kU5J.MrymGFpXD2KPY3c1GR.DjC2Zn5el095EqRgkI(Object )
   在 oQExwNYCUfs1Y9kU5J.MrymGFpXD2KPY3c1GR..ctor()
   在 oQExwNYCUfs1Y9kU5J.MrymGFpXD2KPY3c1GR.WjV0BnIAF()
   在 oQExwNYCUfs1Y9kU5J.MrymGFpXD2KPY3c1GR.XXXUuvaLX2f1b2yjLw()
   在 oQExwNYCUfs1Y9kU5J.MrymGFpXD2KPY3c1GR.SV9MRxXPO()
   在 oQExwNYCUfs1Y9kU5J.MrymGFpXD2KPY3c1GR.WtVucRPMr5VmGaHEKv()
   在 oQExwNYCUfs1Y9kU5J.MrymGFpXD2KPY3c1GR.ppUFmGgW4(Type )
   在 EAS.Services.DirectServiceBridger.CAOHT5vXbXnvTAdT7M(Type )
   在 EAS.Services.DirectServiceBridger.InvokeMethod(Type serviceType, MethodBase method, Object[] args)
   在 KOyi3FnqQTQ8wHb7i3g.sCcYBpnEGUyBNbSeCIg.oakVATW7hBxojZIppXX(Object , Type serviceType, Object , Object )
   在 KOyi3FnqQTQ8wHb7i3g.sCcYBpnEGUyBNbSeCIg.Intercept(IInvocation , Object[] args)
   在 xNx2krndBHYKw7XxXD2.wF7Zw9nTtc82PkHSRGK.Invoke(IMessage )
   在 System.Runtime.Remoting.Proxies.RealProxy.PrivateInvoke(MessageData& msgData, Int32 type)
   在 EAS.Services.ITimeService.GetCurrentTime()
   在 NFxYsDRLPuNKsDg4uf3.artxlTR3FJoj1pqX0f9.ugLoTNB3tnp2mupxgXZ(Object )
   在 NFxYsDRLPuNKsDg4uf3.artxlTR3FJoj1pqX0f9.JyQCfjhLE4()


[类型]:Error
[线程]:4
[内存]:3.90M
[时间]:2013-06-26 15:43:49
[内容]:未能加载文件或程序集“file:///E:\NET项目\HYPDM\bin\gregn50.dll”或它的某一个依赖项。该模块应包含一个程序集清单。
[来源]:mscorlib
[目标]:System.Reflection.RuntimeAssembly _nLoad(System.Reflection.AssemblyName, System.String, System.Security.Policy.Evidence, System.Reflection.RuntimeAssembly, System.Threading.StackCrawlMark ByRef, IntPtr, Boolean, Boolean, Boolean)
[堆栈]:   在 System.Reflection.RuntimeAssembly._nLoad(AssemblyName fileName, String codeBase, Evidence assemblySecurity, RuntimeAssembly locationHint, StackCrawlMark& stackMark, IntPtr pPrivHostBinder, Boolean throwOnFileNotFound, Boolean forIntrospection, Boolean suppressSecurityChecks)
   在 System.Reflection.RuntimeAssembly.nLoad(AssemblyName fileName, String codeBase, Evidence assemblySecurity, RuntimeAssembly locationHint, StackCrawlMark& stackMark, IntPtr pPrivHostBinder, Boolean throwOnFileNotFound, Boolean forIntrospection, Boolean suppressSecurityChecks)
   在 System.Reflection.RuntimeAssembly.InternalLoadAssemblyName(AssemblyName assemblyRef, Evidence assemblySecurity, RuntimeAssembly reqAssembly, StackCrawlMark& stackMark, IntPtr pPrivHostBinder, Boolean throwOnFileNotFound, Boolean forIntrospection, Boolean suppressSecurityChecks)
   在 System.Reflection.RuntimeAssembly.InternalLoadFrom(String assemblyFile, Evidence securityEvidence, Byte[] hashValue, AssemblyHashAlgorithm hashAlgorithm, Boolean forIntrospection, Boolean suppressSecurityChecks, StackCrawlMark& stackMark)
   在 System.Reflection.Assembly.LoadFrom(String assemblyFile)
   在 ASG74a44NWEteO0pe2F.NxK3Uj4n5yKfkYhU5OB.sLVccbTghw(String )


2013-06-26 15:43:49,Error - 初始化序列化==>加载程序集:E:\NET项目\HYPDM\bin\grdes50.dll时出错

[类型]:Error
[线程]:4
[内存]:6.58M
[时间]:2013-06-26 15:43:49
[内容]:未能加载文件或程序集“file:///E:\NET项目\HYPDM\bin\grdes50.dll”或它的某一个依赖项。该模块应包含一个程序集清单。
[来源]:mscorlib
[目标]:System.Reflection.RuntimeAssembly _nLoad(System.Reflection.AssemblyName, System.String, System.Security.Policy.Evidence, System.Reflection.RuntimeAssembly, System.Threading.StackCrawlMark ByRef, IntPtr, Boolean, Boolean, Boolean)
[堆栈]:   在 System.Reflection.RuntimeAssembly._nLoad(AssemblyName fileName, String codeBase, Evidence assemblySecurity, RuntimeAssembly locationHint, StackCrawlMark& stackMark, IntPtr pPrivHostBinder, Boolean throwOnFileNotFound, Boolean forIntrospection, Boolean suppressSecurityChecks)
   在 System.Reflection.RuntimeAssembly.nLoad(AssemblyName fileName, String codeBase, Evidence assemblySecurity, RuntimeAssembly locationHint, StackCrawlMark& stackMark, IntPtr pPrivHostBinder, Boolean throwOnFileNotFound, Boolean forIntrospection, Boolean suppressSecurityChecks)
   在 System.Reflection.RuntimeAssembly.InternalLoadAssemblyName(AssemblyName assemblyRef, Evidence assemblySecurity, RuntimeAssembly reqAssembly, StackCrawlMark& stackMark, IntPtr pPrivHostBinder, Boolean throwOnFileNotFound, Boolean forIntrospection, Boolean suppressSecurityChecks)
   在 System.Reflection.RuntimeAssembly.InternalLoadFrom(String assemblyFile, Evidence securityEvidence, Byte[] hashValue, AssemblyHashAlgorithm hashAlgorithm, Boolean forIntrospection, Boolean suppressSecurityChecks, StackCrawlMark& stackMark)
   在 System.Reflection.Assembly.LoadFrom(String assemblyFile)
   在 ASG74a44NWEteO0pe2F.NxK3Uj4n5yKfkYhU5OB.sLVccbTghw(String )


2013-06-26 15:43:49,Error - 初始化序列化==>加载程序集:E:\NET项目\HYPDM\bin\gregn50.dll时出错

[类型]:Error
[线程]:4
[内存]:6.68M
[时间]:2013-06-26 15:43:49
[内容]:未能加载文件或程序集“file:///E:\NET项目\HYPDM\bin\gregn50.dll”或它的某一个依赖项。该模块应包含一个程序集清单。
[来源]:mscorlib
[目标]:System.Reflection.RuntimeAssembly _nLoad(System.Reflection.AssemblyName, System.String, System.Security.Policy.Evidence, System.Reflection.RuntimeAssembly, System.Threading.StackCrawlMark ByRef, IntPtr, Boolean, Boolean, Boolean)
[堆栈]:   在 System.Reflection.RuntimeAssembly._nLoad(AssemblyName fileName, String codeBase, Evidence assemblySecurity, RuntimeAssembly locationHint, StackCrawlMark& stackMark, IntPtr pPrivHostBinder, Boolean throwOnFileNotFound, Boolean forIntrospection, Boolean suppressSecurityChecks)
   在 System.Reflection.RuntimeAssembly.nLoad(AssemblyName fileName, String codeBase, Evidence assemblySecurity, RuntimeAssembly locationHint, StackCrawlMark& stackMark, IntPtr pPrivHostBinder, Boolean throwOnFileNotFound, Boolean forIntrospection, Boolean suppressSecurityChecks)
   在 System.Reflection.RuntimeAssembly.InternalLoadAssemblyName(AssemblyName assemblyRef, Evidence assemblySecurity, RuntimeAssembly reqAssembly, StackCrawlMark& stackMark, IntPtr pPrivHostBinder, Boolean throwOnFileNotFound, Boolean forIntrospection, Boolean suppressSecurityChecks)
   在 System.Reflection.RuntimeAssembly.InternalLoadFrom(String assemblyFile, Evidence securityEvidence, Byte[] hashValue, AssemblyHashAlgorithm hashAlgorithm, Boolean forIntrospection, Boolean suppressSecurityChecks, StackCrawlMark& stackMark)
   在 System.Reflection.Assembly.LoadFrom(String assemblyFile)
   在 ASG74a44NWEteO0pe2F.NxK3Uj4n5yKfkYhU5OB.sLVccbTghw(String )


[类型]:Error
[线程]:1
[内存]:3.96M
[时间]:2013-06-26 15:43:51
[内容]:未能加载文件或程序集“file:///E:\NET项目\HYPDM\bin\grdes50.dll”或它的某一个依赖项。该模块应包含一个程序集清单。
[来源]:mscorlib
[目标]:System.Reflection.RuntimeAssembly _nLoad(System.Reflection.AssemblyName, System.String, System.Security.Policy.Evidence, System.Reflection.RuntimeAssembly, System.Threading.StackCrawlMark ByRef, IntPtr, Boolean, Boolean, Boolean)
[堆栈]:   在 System.Reflection.RuntimeAssembly._nLoad(AssemblyName fileName, String codeBase, Evidence assemblySecurity, RuntimeAssembly locationHint, StackCrawlMark& stackMark, IntPtr pPrivHostBinder, Boolean throwOnFileNotFound, Boolean forIntrospection, Boolean suppressSecurityChecks)
   在 System.Reflection.RuntimeAssembly.nLoad(AssemblyName fileName, String codeBase, Evidence assemblySecurity, RuntimeAssembly locationHint, StackCrawlMark& stackMark, IntPtr pPrivHostBinder, Boolean throwOnFileNotFound, Boolean forIntrospection, Boolean suppressSecurityChecks)
   在 System.Reflection.RuntimeAssembly.InternalLoadAssemblyName(AssemblyName assemblyRef, Evidence assemblySecurity, RuntimeAssembly reqAssembly, StackCrawlMark& stackMark, IntPtr pPrivHostBinder, Boolean throwOnFileNotFound, Boolean forIntrospection, Boolean suppressSecurityChecks)
   在 System.Reflection.RuntimeAssembly.InternalLoadFrom(String assemblyFile, Evidence securityEvidence, Byte[] hashValue, AssemblyHashAlgorithm hashAlgorithm, Boolean forIntrospection, Boolean suppressSecurityChecks, StackCrawlMark& stackMark)
   在 System.Reflection.Assembly.LoadFrom(String assemblyFile)
   在 ELNFgb4UIs6y0oZEVY4.p9rEDf4YL2ZMhBciGgh.qY5ZVgpGGEiheaoT66Q(Object )
   在 ELNFgb4UIs6y0oZEVY4.p9rEDf4YL2ZMhBciGgh.B5AcylsUng(String )


[类型]:Error
[线程]:1
[内存]:4.06M
[时间]:2013-06-26 15:43:51
[内容]:未能加载文件或程序集“file:///E:\NET项目\HYPDM\bin\gregn50.dll”或它的某一个依赖项。该模块应包含一个程序集清单。
[来源]:mscorlib
[目标]:System.Reflection.RuntimeAssembly _nLoad(System.Reflection.AssemblyName, System.String, System.Security.Policy.Evidence, System.Reflection.RuntimeAssembly, System.Threading.StackCrawlMark ByRef, IntPtr, Boolean, Boolean, Boolean)
[堆栈]:   在 System.Reflection.RuntimeAssembly._nLoad(AssemblyName fileName, String codeBase, Evidence assemblySecurity, RuntimeAssembly locationHint, StackCrawlMark& stackMark, IntPtr pPrivHostBinder, Boolean throwOnFileNotFound, Boolean forIntrospection, Boolean suppressSecurityChecks)
   在 System.Reflection.RuntimeAssembly.nLoad(AssemblyName fileName, String codeBase, Evidence assemblySecurity, RuntimeAssembly locationHint, StackCrawlMark& stackMark, IntPtr pPrivHostBinder, Boolean throwOnFileNotFound, Boolean forIntrospection, Boolean suppressSecurityChecks)
   在 System.Reflection.RuntimeAssembly.InternalLoadAssemblyName(AssemblyName assemblyRef, Evidence assemblySecurity, RuntimeAssembly reqAssembly, StackCrawlMark& stackMark, IntPtr pPrivHostBinder, Boolean throwOnFileNotFound, Boolean forIntrospection, Boolean suppressSecurityChecks)
   在 System.Reflection.RuntimeAssembly.InternalLoadFrom(String assemblyFile, Evidence securityEvidence, Byte[] hashValue, AssemblyHashAlgorithm hashAlgorithm, Boolean forIntrospection, Boolean suppressSecurityChecks, StackCrawlMark& stackMark)
   在 System.Reflection.Assembly.LoadFrom(String assemblyFile)
   在 ELNFgb4UIs6y0oZEVY4.p9rEDf4YL2ZMhBciGgh.qY5ZVgpGGEiheaoT66Q(Object )
   在 ELNFgb4UIs6y0oZEVY4.p9rEDf4YL2ZMhBciGgh.B5AcylsUng(String )


[类型]:Error
[线程]:1
[内存]:7.17M
[时间]:2013-06-26 15:43:51
[内容]:未能加载文件或程序集“file:///E:\NET项目\HYPDM\bin\grdes50.dll”或它的某一个依赖项。该模块应包含一个程序集清单。
[来源]:mscorlib
[目标]:System.Reflection.RuntimeAssembly _nLoad(System.Reflection.AssemblyName, System.String, System.Security.Policy.Evidence, System.Reflection.RuntimeAssembly, System.Threading.StackCrawlMark ByRef, IntPtr, Boolean, Boolean, Boolean)
[堆栈]:   在 System.Reflection.RuntimeAssembly._nLoad(AssemblyName fileName, String codeBase, Evidence assemblySecurity, RuntimeAssembly locationHint, StackCrawlMark& stackMark, IntPtr pPrivHostBinder, Boolean throwOnFileNotFound, Boolean forIntrospection, Boolean suppressSecurityChecks)
   在 System.Reflection.RuntimeAssembly.nLoad(AssemblyName fileName, String codeBase, Evidence assemblySecurity, RuntimeAssembly locationHint, StackCrawlMark& stackMark, IntPtr pPrivHostBinder, Boolean throwOnFileNotFound, Boolean forIntrospection, Boolean suppressSecurityChecks)
   在 System.Reflection.RuntimeAssembly.InternalLoadAssemblyName(AssemblyName assemblyRef, Evidence assemblySecurity, RuntimeAssembly reqAssembly, StackCrawlMark& stackMark, IntPtr pPrivHostBinder, Boolean throwOnFileNotFound, Boolean forIntrospection, Boolean suppressSecurityChecks)
   在 System.Reflection.RuntimeAssembly.InternalLoadFrom(String assemblyFile, Evidence securityEvidence, Byte[] hashValue, AssemblyHashAlgorithm hashAlgorithm, Boolean forIntrospection, Boolean suppressSecurityChecks, StackCrawlMark& stackMark)
   在 System.Reflection.Assembly.LoadFrom(String assemblyFile)
   在 ELNFgb4UIs6y0oZEVY4.p9rEDf4YL2ZMhBciGgh.qY5ZVgpGGEiheaoT66Q(Object )
   在 ELNFgb4UIs6y0oZEVY4.p9rEDf4YL2ZMhBciGgh.B5AcylsUng(String )


[类型]:Error
[线程]:1
[内存]:7.27M
[时间]:2013-06-26 15:43:51
[内容]:未能加载文件或程序集“file:///E:\NET项目\HYPDM\bin\gregn50.dll”或它的某一个依赖项。该模块应包含一个程序集清单。
[来源]:mscorlib
[目标]:System.Reflection.RuntimeAssembly _nLoad(System.Reflection.AssemblyName, System.String, System.Security.Policy.Evidence, System.Reflection.RuntimeAssembly, System.Threading.StackCrawlMark ByRef, IntPtr, Boolean, Boolean, Boolean)
[堆栈]:   在 System.Reflection.RuntimeAssembly._nLoad(AssemblyName fileName, String codeBase, Evidence assemblySecurity, RuntimeAssembly locationHint, StackCrawlMark& stackMark, IntPtr pPrivHostBinder, Boolean throwOnFileNotFound, Boolean forIntrospection, Boolean suppressSecurityChecks)
   在 System.Reflection.RuntimeAssembly.nLoad(AssemblyName fileName, String codeBase, Evidence assemblySecurity, RuntimeAssembly locationHint, StackCrawlMark& stackMark, IntPtr pPrivHostBinder, Boolean throwOnFileNotFound, Boolean forIntrospection, Boolean suppressSecurityChecks)
   在 System.Reflection.RuntimeAssembly.InternalLoadAssemblyName(AssemblyName assemblyRef, Evidence assemblySecurity, RuntimeAssembly reqAssembly, StackCrawlMark& stackMark, IntPtr pPrivHostBinder, Boolean throwOnFileNotFound, Boolean forIntrospection, Boolean suppressSecurityChecks)
   在 System.Reflection.RuntimeAssembly.InternalLoadFrom(String assemblyFile, Evidence securityEvidence, Byte[] hashValue, AssemblyHashAlgorithm hashAlgorithm, Boolean forIntrospection, Boolean suppressSecurityChecks, StackCrawlMark& stackMark)
   在 System.Reflection.Assembly.LoadFrom(String assemblyFile)
   在 ELNFgb4UIs6y0oZEVY4.p9rEDf4YL2ZMhBciGgh.qY5ZVgpGGEiheaoT66Q(Object )
   在 ELNFgb4UIs6y0oZEVY4.p9rEDf4YL2ZMhBciGgh.B5AcylsUng(String )


2013-06-26 16:04:02,Error - 初始化序列化==>加载程序集:E:\NET项目\HYPDM\bin\grdes50.dll时出错

[类型]:Error
[线程]:5
[内存]:3.69M
[时间]:2013-06-26 16:04:02
[内容]:未能加载文件或程序集“file:///E:\NET项目\HYPDM\bin\grdes50.dll”或它的某一个依赖项。该模块应包含一个程序集清单。
[来源]:mscorlib
[目标]:System.Reflection.RuntimeAssembly _nLoad(System.Reflection.AssemblyName, System.String, System.Security.Policy.Evidence, System.Reflection.RuntimeAssembly, System.Threading.StackCrawlMark ByRef, IntPtr, Boolean, Boolean, Boolean)
[堆栈]:   在 System.Reflection.RuntimeAssembly._nLoad(AssemblyName fileName, String codeBase, Evidence assemblySecurity, RuntimeAssembly locationHint, StackCrawlMark& stackMark, IntPtr pPrivHostBinder, Boolean throwOnFileNotFound, Boolean forIntrospection, Boolean suppressSecurityChecks)
   在 System.Reflection.RuntimeAssembly.nLoad(AssemblyName fileName, String codeBase, Evidence assemblySecurity, RuntimeAssembly locationHint, StackCrawlMark& stackMark, IntPtr pPrivHostBinder, Boolean throwOnFileNotFound, Boolean forIntrospection, Boolean suppressSecurityChecks)
   在 System.Reflection.RuntimeAssembly.InternalLoadAssemblyName(AssemblyName assemblyRef, Evidence assemblySecurity, RuntimeAssembly reqAssembly, StackCrawlMark& stackMark, IntPtr pPrivHostBinder, Boolean throwOnFileNotFound, Boolean forIntrospection, Boolean suppressSecurityChecks)
   在 System.Reflection.RuntimeAssembly.InternalLoadFrom(String assemblyFile, Evidence securityEvidence, Byte[] hashValue, AssemblyHashAlgorithm hashAlgorithm, Boolean forIntrospection, Boolean suppressSecurityChecks, StackCrawlMark& stackMark)
   在 System.Reflection.Assembly.LoadFrom(String assemblyFile)
   在 ELNFgb4UIs6y0oZEVY4.p9rEDf4YL2ZMhBciGgh.qY5ZVgpGGEiheaoT66Q(Object )
   在 ELNFgb4UIs6y0oZEVY4.p9rEDf4YL2ZMhBciGgh.B5AcylsUng(String )


[类型]:Error
[线程]:5
[内存]:3.86M
[时间]:2013-06-26 16:04:05
[内容]:未能加载文件或程序集“file:///E:\NET项目\HYPDM\bin\gregn50.dll”或它的某一个依赖项。该模块应包含一个程序集清单。
[来源]:mscorlib
[目标]:System.Reflection.RuntimeAssembly _nLoad(System.Reflection.AssemblyName, System.String, System.Security.Policy.Evidence, System.Reflection.RuntimeAssembly, System.Threading.StackCrawlMark ByRef, IntPtr, Boolean, Boolean, Boolean)
[堆栈]:   在 System.Reflection.RuntimeAssembly._nLoad(AssemblyName fileName, String codeBase, Evidence assemblySecurity, RuntimeAssembly locationHint, StackCrawlMark& stackMark, IntPtr pPrivHostBinder, Boolean throwOnFileNotFound, Boolean forIntrospection, Boolean suppressSecurityChecks)
   在 System.Reflection.RuntimeAssembly.nLoad(AssemblyName fileName, String codeBase, Evidence assemblySecurity, RuntimeAssembly locationHint, StackCrawlMark& stackMark, IntPtr pPrivHostBinder, Boolean throwOnFileNotFound, Boolean forIntrospection, Boolean suppressSecurityChecks)
   在 System.Reflection.RuntimeAssembly.InternalLoadAssemblyName(AssemblyName assemblyRef, Evidence assemblySecurity, RuntimeAssembly reqAssembly, StackCrawlMark& stackMark, IntPtr pPrivHostBinder, Boolean throwOnFileNotFound, Boolean forIntrospection, Boolean suppressSecurityChecks)
   在 System.Reflection.RuntimeAssembly.InternalLoadFrom(String assemblyFile, Evidence securityEvidence, Byte[] hashValue, AssemblyHashAlgorithm hashAlgorithm, Boolean forIntrospection, Boolean suppressSecurityChecks, StackCrawlMark& stackMark)
   在 System.Reflection.Assembly.LoadFrom(String assemblyFile)
   在 ELNFgb4UIs6y0oZEVY4.p9rEDf4YL2ZMhBciGgh.qY5ZVgpGGEiheaoT66Q(Object )
   在 ELNFgb4UIs6y0oZEVY4.p9rEDf4YL2ZMhBciGgh.B5AcylsUng(String )


2013-06-26 16:04:16,Error - 初始化序列化==>加载程序集:E:\NET项目\HYPDM\bin\grdes50.dll时出错

[类型]:Error
[线程]:4
[内存]:3.69M
[时间]:2013-06-26 16:04:16
[内容]:未能加载文件或程序集“file:///E:\NET项目\HYPDM\bin\grdes50.dll”或它的某一个依赖项。该模块应包含一个程序集清单。
[来源]:mscorlib
[目标]:System.Reflection.RuntimeAssembly _nLoad(System.Reflection.AssemblyName, System.String, System.Security.Policy.Evidence, System.Reflection.RuntimeAssembly, System.Threading.StackCrawlMark ByRef, IntPtr, Boolean, Boolean, Boolean)
[堆栈]:   在 System.Reflection.RuntimeAssembly._nLoad(AssemblyName fileName, String codeBase, Evidence assemblySecurity, RuntimeAssembly locationHint, StackCrawlMark& stackMark, IntPtr pPrivHostBinder, Boolean throwOnFileNotFound, Boolean forIntrospection, Boolean suppressSecurityChecks)
   在 System.Reflection.RuntimeAssembly.nLoad(AssemblyName fileName, String codeBase, Evidence assemblySecurity, RuntimeAssembly locationHint, StackCrawlMark& stackMark, IntPtr pPrivHostBinder, Boolean throwOnFileNotFound, Boolean forIntrospection, Boolean suppressSecurityChecks)
   在 System.Reflection.RuntimeAssembly.InternalLoadAssemblyName(AssemblyName assemblyRef, Evidence assemblySecurity, RuntimeAssembly reqAssembly, StackCrawlMark& stackMark, IntPtr pPrivHostBinder, Boolean throwOnFileNotFound, Boolean forIntrospection, Boolean suppressSecurityChecks)
   在 System.Reflection.RuntimeAssembly.InternalLoadFrom(String assemblyFile, Evidence securityEvidence, Byte[] hashValue, AssemblyHashAlgorithm hashAlgorithm, Boolean forIntrospection, Boolean suppressSecurityChecks, StackCrawlMark& stackMark)
   在 System.Reflection.Assembly.LoadFrom(String assemblyFile)
   在 ASG74a44NWEteO0pe2F.NxK3Uj4n5yKfkYhU5OB.sLVccbTghw(String )


2013-06-26 16:04:16,Error - 初始化序列化==>加载程序集:E:\NET项目\HYPDM\bin\gregn50.dll时出错

[类型]:Error
[线程]:5
[内存]:3.82M
[时间]:2013-06-26 16:04:16
[内容]:文件“E:\NET项目\HYPDM\bin\logs\Error\20130626.log”正由另一进程使用，因此该进程无法访问此文件。
[来源]:mscorlib
[目标]:Void WinIOError(Int32, System.String)
[堆栈]:   在 System.IO.__Error.WinIOError(Int32 errorCode, String maybeFullPath)
   在 System.IO.FileStream.Init(String path, FileMode mode, FileAccess access, Int32 rights, Boolean useRights, FileShare share, Int32 bufferSize, FileOptions options, SECURITY_ATTRIBUTES secAttrs, String msgPath, Boolean bFromProxy, Boolean useLongPath, Boolean checkHost)
   在 System.IO.FileStream..ctor(String path, FileMode mode, FileAccess access, FileShare share, Int32 bufferSize, FileOptions options, String msgPath, Boolean bFromProxy, Boolean useLongPath, Boolean checkHost)
   在 System.IO.StreamWriter.CreateFile(String path, Boolean append, Boolean checkHost)
   在 System.IO.StreamWriter..ctor(String path, Boolean append, Encoding encoding, Int32 bufferSize, Boolean checkHost)
   在 System.IO.StreamWriter..ctor(String path, Boolean append)
   在 System.IO.File.AppendText(String path)
   在 EAS.Services.TextLogger.Yoju9pAYm8OgRdqeDab(Object )
   在 EAS.Services.TextLogger.E4apVNWEte(cltCKunA6ct1woo0Mhe )
   在 EAS.Services.TextLogger.nU5pIOB0SG(StringBuilder , cltCKunA6ct1woo0Mhe )
   在 EAS.Services.TextLogger.EAS.Services.ILogger.Error(Exception exc)
   在 ocMIOinStqCwKZ2arLP.UD1wfbnlvcuh9faL2go.deBLhs5Qt66JMAUZiIE(Object , Object )
   在 ocMIOinStqCwKZ2arLP.UD1wfbnlvcuh9faL2go.sdDv3Ur0el(Exception )
   在 ELNFgb4UIs6y0oZEVY4.p9rEDf4YL2ZMhBciGgh.LVI2J6azSjVskJmQ9Fl(Object )
   在 ELNFgb4UIs6y0oZEVY4.p9rEDf4YL2ZMhBciGgh.B5AcylsUng(String )
   在 ELNFgb4UIs6y0oZEVY4.p9rEDf4YL2ZMhBciGgh.Initialize()
   在 uS1gDNn0kdAloYikVhH.xZOIYZnF9qRWPCtsavC.lpmGhhd4ue8bQAbF633(Object )
   在 uS1gDNn0kdAloYikVhH.xZOIYZnF9qRWPCtsavC..ctor(String , IAssemblyLoader )
   在 uS1gDNn0kdAloYikVhH.xZOIYZnF9qRWPCtsavC..ctor(IAssemblyLoader )
   在 EAS.Objects.ContainerBuilder.Builder(IAssemblyLoader loader)
   在 oQExwNYCUfs1Y9kU5J.MrymGFpXD2KPY3c1GR.DjC2Zn5el095EqRgkI(Object )
   在 oQExwNYCUfs1Y9kU5J.MrymGFpXD2KPY3c1GR..ctor()
   在 oQExwNYCUfs1Y9kU5J.MrymGFpXD2KPY3c1GR.WjV0BnIAF()
   在 oQExwNYCUfs1Y9kU5J.MrymGFpXD2KPY3c1GR.XXXUuvaLX2f1b2yjLw()
   在 oQExwNYCUfs1Y9kU5J.MrymGFpXD2KPY3c1GR.SV9MRxXPO()
   在 oQExwNYCUfs1Y9kU5J.MrymGFpXD2KPY3c1GR.WtVucRPMr5VmGaHEKv()
   在 oQExwNYCUfs1Y9kU5J.MrymGFpXD2KPY3c1GR.ppUFmGgW4(Type )
   在 EAS.Services.DirectServiceBridger.CAOHT5vXbXnvTAdT7M(Type )
   在 EAS.Services.DirectServiceBridger.InvokeMethod(Type serviceType, MethodBase method, Object[] args)
   在 KOyi3FnqQTQ8wHb7i3g.sCcYBpnEGUyBNbSeCIg.oakVATW7hBxojZIppXX(Object , Type serviceType, Object , Object )
   在 KOyi3FnqQTQ8wHb7i3g.sCcYBpnEGUyBNbSeCIg.Intercept(IInvocation , Object[] args)
   在 xNx2krndBHYKw7XxXD2.wF7Zw9nTtc82PkHSRGK.Invoke(IMessage )
   在 System.Runtime.Remoting.Proxies.RealProxy.PrivateInvoke(MessageData& msgData, Int32 type)
   在 EAS.Services.ITimeService.GetCurrentTime()
   在 NFxYsDRLPuNKsDg4uf3.artxlTR3FJoj1pqX0f9.ugLoTNB3tnp2mupxgXZ(Object )
   在 NFxYsDRLPuNKsDg4uf3.artxlTR3FJoj1pqX0f9.JyQCfjhLE4()


[类型]:Error
[线程]:4
[内存]:3.90M
[时间]:2013-06-26 16:04:16
[内容]:未能加载文件或程序集“file:///E:\NET项目\HYPDM\bin\gregn50.dll”或它的某一个依赖项。该模块应包含一个程序集清单。
[来源]:mscorlib
[目标]:System.Reflection.RuntimeAssembly _nLoad(System.Reflection.AssemblyName, System.String, System.Security.Policy.Evidence, System.Reflection.RuntimeAssembly, System.Threading.StackCrawlMark ByRef, IntPtr, Boolean, Boolean, Boolean)
[堆栈]:   在 System.Reflection.RuntimeAssembly._nLoad(AssemblyName fileName, String codeBase, Evidence assemblySecurity, RuntimeAssembly locationHint, StackCrawlMark& stackMark, IntPtr pPrivHostBinder, Boolean throwOnFileNotFound, Boolean forIntrospection, Boolean suppressSecurityChecks)
   在 System.Reflection.RuntimeAssembly.nLoad(AssemblyName fileName, String codeBase, Evidence assemblySecurity, RuntimeAssembly locationHint, StackCrawlMark& stackMark, IntPtr pPrivHostBinder, Boolean throwOnFileNotFound, Boolean forIntrospection, Boolean suppressSecurityChecks)
   在 System.Reflection.RuntimeAssembly.InternalLoadAssemblyName(AssemblyName assemblyRef, Evidence assemblySecurity, RuntimeAssembly reqAssembly, StackCrawlMark& stackMark, IntPtr pPrivHostBinder, Boolean throwOnFileNotFound, Boolean forIntrospection, Boolean suppressSecurityChecks)
   在 System.Reflection.RuntimeAssembly.InternalLoadFrom(String assemblyFile, Evidence securityEvidence, Byte[] hashValue, AssemblyHashAlgorithm hashAlgorithm, Boolean forIntrospection, Boolean suppressSecurityChecks, StackCrawlMark& stackMark)
   在 System.Reflection.Assembly.LoadFrom(String assemblyFile)
   在 ASG74a44NWEteO0pe2F.NxK3Uj4n5yKfkYhU5OB.sLVccbTghw(String )


2013-06-26 16:04:17,Error - 初始化序列化==>加载程序集:E:\NET项目\HYPDM\bin\grdes50.dll时出错

[类型]:Error
[线程]:4
[内存]:6.58M
[时间]:2013-06-26 16:04:17
[内容]:未能加载文件或程序集“file:///E:\NET项目\HYPDM\bin\grdes50.dll”或它的某一个依赖项。该模块应包含一个程序集清单。
[来源]:mscorlib
[目标]:System.Reflection.RuntimeAssembly _nLoad(System.Reflection.AssemblyName, System.String, System.Security.Policy.Evidence, System.Reflection.RuntimeAssembly, System.Threading.StackCrawlMark ByRef, IntPtr, Boolean, Boolean, Boolean)
[堆栈]:   在 System.Reflection.RuntimeAssembly._nLoad(AssemblyName fileName, String codeBase, Evidence assemblySecurity, RuntimeAssembly locationHint, StackCrawlMark& stackMark, IntPtr pPrivHostBinder, Boolean throwOnFileNotFound, Boolean forIntrospection, Boolean suppressSecurityChecks)
   在 System.Reflection.RuntimeAssembly.nLoad(AssemblyName fileName, String codeBase, Evidence assemblySecurity, RuntimeAssembly locationHint, StackCrawlMark& stackMark, IntPtr pPrivHostBinder, Boolean throwOnFileNotFound, Boolean forIntrospection, Boolean suppressSecurityChecks)
   在 System.Reflection.RuntimeAssembly.InternalLoadAssemblyName(AssemblyName assemblyRef, Evidence assemblySecurity, RuntimeAssembly reqAssembly, StackCrawlMark& stackMark, IntPtr pPrivHostBinder, Boolean throwOnFileNotFound, Boolean forIntrospection, Boolean suppressSecurityChecks)
   在 System.Reflection.RuntimeAssembly.InternalLoadFrom(String assemblyFile, Evidence securityEvidence, Byte[] hashValue, AssemblyHashAlgorithm hashAlgorithm, Boolean forIntrospection, Boolean suppressSecurityChecks, StackCrawlMark& stackMark)
   在 System.Reflection.Assembly.LoadFrom(String assemblyFile)
   在 ASG74a44NWEteO0pe2F.NxK3Uj4n5yKfkYhU5OB.sLVccbTghw(String )


2013-06-26 16:04:17,Error - 初始化序列化==>加载程序集:E:\NET项目\HYPDM\bin\gregn50.dll时出错

[类型]:Error
[线程]:4
[内存]:6.69M
[时间]:2013-06-26 16:04:17
[内容]:未能加载文件或程序集“file:///E:\NET项目\HYPDM\bin\gregn50.dll”或它的某一个依赖项。该模块应包含一个程序集清单。
[来源]:mscorlib
[目标]:System.Reflection.RuntimeAssembly _nLoad(System.Reflection.AssemblyName, System.String, System.Security.Policy.Evidence, System.Reflection.RuntimeAssembly, System.Threading.StackCrawlMark ByRef, IntPtr, Boolean, Boolean, Boolean)
[堆栈]:   在 System.Reflection.RuntimeAssembly._nLoad(AssemblyName fileName, String codeBase, Evidence assemblySecurity, RuntimeAssembly locationHint, StackCrawlMark& stackMark, IntPtr pPrivHostBinder, Boolean throwOnFileNotFound, Boolean forIntrospection, Boolean suppressSecurityChecks)
   在 System.Reflection.RuntimeAssembly.nLoad(AssemblyName fileName, String codeBase, Evidence assemblySecurity, RuntimeAssembly locationHint, StackCrawlMark& stackMark, IntPtr pPrivHostBinder, Boolean throwOnFileNotFound, Boolean forIntrospection, Boolean suppressSecurityChecks)
   在 System.Reflection.RuntimeAssembly.InternalLoadAssemblyName(AssemblyName assemblyRef, Evidence assemblySecurity, RuntimeAssembly reqAssembly, StackCrawlMark& stackMark, IntPtr pPrivHostBinder, Boolean throwOnFileNotFound, Boolean forIntrospection, Boolean suppressSecurityChecks)
   在 System.Reflection.RuntimeAssembly.InternalLoadFrom(String assemblyFile, Evidence securityEvidence, Byte[] hashValue, AssemblyHashAlgorithm hashAlgorithm, Boolean forIntrospection, Boolean suppressSecurityChecks, StackCrawlMark& stackMark)
   在 System.Reflection.Assembly.LoadFrom(String assemblyFile)
   在 ASG74a44NWEteO0pe2F.NxK3Uj4n5yKfkYhU5OB.sLVccbTghw(String )


[类型]:Error
[线程]:1
[内存]:3.97M
[时间]:2013-06-26 16:04:20
[内容]:未能加载文件或程序集“file:///E:\NET项目\HYPDM\bin\grdes50.dll”或它的某一个依赖项。该模块应包含一个程序集清单。
[来源]:mscorlib
[目标]:System.Reflection.RuntimeAssembly _nLoad(System.Reflection.AssemblyName, System.String, System.Security.Policy.Evidence, System.Reflection.RuntimeAssembly, System.Threading.StackCrawlMark ByRef, IntPtr, Boolean, Boolean, Boolean)
[堆栈]:   在 System.Reflection.RuntimeAssembly._nLoad(AssemblyName fileName, String codeBase, Evidence assemblySecurity, RuntimeAssembly locationHint, StackCrawlMark& stackMark, IntPtr pPrivHostBinder, Boolean throwOnFileNotFound, Boolean forIntrospection, Boolean suppressSecurityChecks)
   在 System.Reflection.RuntimeAssembly.nLoad(AssemblyName fileName, String codeBase, Evidence assemblySecurity, RuntimeAssembly locationHint, StackCrawlMark& stackMark, IntPtr pPrivHostBinder, Boolean throwOnFileNotFound, Boolean forIntrospection, Boolean suppressSecurityChecks)
   在 System.Reflection.RuntimeAssembly.InternalLoadAssemblyName(AssemblyName assemblyRef, Evidence assemblySecurity, RuntimeAssembly reqAssembly, StackCrawlMark& stackMark, IntPtr pPrivHostBinder, Boolean throwOnFileNotFound, Boolean forIntrospection, Boolean suppressSecurityChecks)
   在 System.Reflection.RuntimeAssembly.InternalLoadFrom(String assemblyFile, Evidence securityEvidence, Byte[] hashValue, AssemblyHashAlgorithm hashAlgorithm, Boolean forIntrospection, Boolean suppressSecurityChecks, StackCrawlMark& stackMark)
   在 System.Reflection.Assembly.LoadFrom(String assemblyFile)
   在 ELNFgb4UIs6y0oZEVY4.p9rEDf4YL2ZMhBciGgh.qY5ZVgpGGEiheaoT66Q(Object )
   在 ELNFgb4UIs6y0oZEVY4.p9rEDf4YL2ZMhBciGgh.B5AcylsUng(String )


[类型]:Error
[线程]:1
[内存]:4.08M
[时间]:2013-06-26 16:04:21
[内容]:未能加载文件或程序集“file:///E:\NET项目\HYPDM\bin\gregn50.dll”或它的某一个依赖项。该模块应包含一个程序集清单。
[来源]:mscorlib
[目标]:System.Reflection.RuntimeAssembly _nLoad(System.Reflection.AssemblyName, System.String, System.Security.Policy.Evidence, System.Reflection.RuntimeAssembly, System.Threading.StackCrawlMark ByRef, IntPtr, Boolean, Boolean, Boolean)
[堆栈]:   在 System.Reflection.RuntimeAssembly._nLoad(AssemblyName fileName, String codeBase, Evidence assemblySecurity, RuntimeAssembly locationHint, StackCrawlMark& stackMark, IntPtr pPrivHostBinder, Boolean throwOnFileNotFound, Boolean forIntrospection, Boolean suppressSecurityChecks)
   在 System.Reflection.RuntimeAssembly.nLoad(AssemblyName fileName, String codeBase, Evidence assemblySecurity, RuntimeAssembly locationHint, StackCrawlMark& stackMark, IntPtr pPrivHostBinder, Boolean throwOnFileNotFound, Boolean forIntrospection, Boolean suppressSecurityChecks)
   在 System.Reflection.RuntimeAssembly.InternalLoadAssemblyName(AssemblyName assemblyRef, Evidence assemblySecurity, RuntimeAssembly reqAssembly, StackCrawlMark& stackMark, IntPtr pPrivHostBinder, Boolean throwOnFileNotFound, Boolean forIntrospection, Boolean suppressSecurityChecks)
   在 System.Reflection.RuntimeAssembly.InternalLoadFrom(String assemblyFile, Evidence securityEvidence, Byte[] hashValue, AssemblyHashAlgorithm hashAlgorithm, Boolean forIntrospection, Boolean suppressSecurityChecks, StackCrawlMark& stackMark)
   在 System.Reflection.Assembly.LoadFrom(String assemblyFile)
   在 ELNFgb4UIs6y0oZEVY4.p9rEDf4YL2ZMhBciGgh.qY5ZVgpGGEiheaoT66Q(Object )
   在 ELNFgb4UIs6y0oZEVY4.p9rEDf4YL2ZMhBciGgh.B5AcylsUng(String )


[类型]:Error
[线程]:1
[内存]:7.18M
[时间]:2013-06-26 16:04:21
[内容]:未能加载文件或程序集“file:///E:\NET项目\HYPDM\bin\grdes50.dll”或它的某一个依赖项。该模块应包含一个程序集清单。
[来源]:mscorlib
[目标]:System.Reflection.RuntimeAssembly _nLoad(System.Reflection.AssemblyName, System.String, System.Security.Policy.Evidence, System.Reflection.RuntimeAssembly, System.Threading.StackCrawlMark ByRef, IntPtr, Boolean, Boolean, Boolean)
[堆栈]:   在 System.Reflection.RuntimeAssembly._nLoad(AssemblyName fileName, String codeBase, Evidence assemblySecurity, RuntimeAssembly locationHint, StackCrawlMark& stackMark, IntPtr pPrivHostBinder, Boolean throwOnFileNotFound, Boolean forIntrospection, Boolean suppressSecurityChecks)
   在 System.Reflection.RuntimeAssembly.nLoad(AssemblyName fileName, String codeBase, Evidence assemblySecurity, RuntimeAssembly locationHint, StackCrawlMark& stackMark, IntPtr pPrivHostBinder, Boolean throwOnFileNotFound, Boolean forIntrospection, Boolean suppressSecurityChecks)
   在 System.Reflection.RuntimeAssembly.InternalLoadAssemblyName(AssemblyName assemblyRef, Evidence assemblySecurity, RuntimeAssembly reqAssembly, StackCrawlMark& stackMark, IntPtr pPrivHostBinder, Boolean throwOnFileNotFound, Boolean forIntrospection, Boolean suppressSecurityChecks)
   在 System.Reflection.RuntimeAssembly.InternalLoadFrom(String assemblyFile, Evidence securityEvidence, Byte[] hashValue, AssemblyHashAlgorithm hashAlgorithm, Boolean forIntrospection, Boolean suppressSecurityChecks, StackCrawlMark& stackMark)
   在 System.Reflection.Assembly.LoadFrom(String assemblyFile)
   在 ELNFgb4UIs6y0oZEVY4.p9rEDf4YL2ZMhBciGgh.qY5ZVgpGGEiheaoT66Q(Object )
   在 ELNFgb4UIs6y0oZEVY4.p9rEDf4YL2ZMhBciGgh.B5AcylsUng(String )


[类型]:Error
[线程]:1
[内存]:7.27M
[时间]:2013-06-26 16:04:21
[内容]:未能加载文件或程序集“file:///E:\NET项目\HYPDM\bin\gregn50.dll”或它的某一个依赖项。该模块应包含一个程序集清单。
[来源]:mscorlib
[目标]:System.Reflection.RuntimeAssembly _nLoad(System.Reflection.AssemblyName, System.String, System.Security.Policy.Evidence, System.Reflection.RuntimeAssembly, System.Threading.StackCrawlMark ByRef, IntPtr, Boolean, Boolean, Boolean)
[堆栈]:   在 System.Reflection.RuntimeAssembly._nLoad(AssemblyName fileName, String codeBase, Evidence assemblySecurity, RuntimeAssembly locationHint, StackCrawlMark& stackMark, IntPtr pPrivHostBinder, Boolean throwOnFileNotFound, Boolean forIntrospection, Boolean suppressSecurityChecks)
   在 System.Reflection.RuntimeAssembly.nLoad(AssemblyName fileName, String codeBase, Evidence assemblySecurity, RuntimeAssembly locationHint, StackCrawlMark& stackMark, IntPtr pPrivHostBinder, Boolean throwOnFileNotFound, Boolean forIntrospection, Boolean suppressSecurityChecks)
   在 System.Reflection.RuntimeAssembly.InternalLoadAssemblyName(AssemblyName assemblyRef, Evidence assemblySecurity, RuntimeAssembly reqAssembly, StackCrawlMark& stackMark, IntPtr pPrivHostBinder, Boolean throwOnFileNotFound, Boolean forIntrospection, Boolean suppressSecurityChecks)
   在 System.Reflection.RuntimeAssembly.InternalLoadFrom(String assemblyFile, Evidence securityEvidence, Byte[] hashValue, AssemblyHashAlgorithm hashAlgorithm, Boolean forIntrospection, Boolean suppressSecurityChecks, StackCrawlMark& stackMark)
   在 System.Reflection.Assembly.LoadFrom(String assemblyFile)
   在 ELNFgb4UIs6y0oZEVY4.p9rEDf4YL2ZMhBciGgh.qY5ZVgpGGEiheaoT66Q(Object )
   在 ELNFgb4UIs6y0oZEVY4.p9rEDf4YL2ZMhBciGgh.B5AcylsUng(String )


2013-06-26 17:02:05,Error - 初始化序列化==>加载程序集:E:\NET项目\HYPDM\bin\grdes50.dll时出错

[类型]:Error
[线程]:4
[内存]:3.67M
[时间]:2013-06-26 17:02:05
[内容]:未能加载文件或程序集“file:///E:\NET项目\HYPDM\bin\grdes50.dll”或它的某一个依赖项。该模块应包含一个程序集清单。
[来源]:mscorlib
[目标]:System.Reflection.RuntimeAssembly _nLoad(System.Reflection.AssemblyName, System.String, System.Security.Policy.Evidence, System.Reflection.RuntimeAssembly, System.Threading.StackCrawlMark ByRef, IntPtr, Boolean, Boolean, Boolean)
[堆栈]:   在 System.Reflection.RuntimeAssembly._nLoad(AssemblyName fileName, String codeBase, Evidence assemblySecurity, RuntimeAssembly locationHint, StackCrawlMark& stackMark, IntPtr pPrivHostBinder, Boolean throwOnFileNotFound, Boolean forIntrospection, Boolean suppressSecurityChecks)
   在 System.Reflection.RuntimeAssembly.nLoad(AssemblyName fileName, String codeBase, Evidence assemblySecurity, RuntimeAssembly locationHint, StackCrawlMark& stackMark, IntPtr pPrivHostBinder, Boolean throwOnFileNotFound, Boolean forIntrospection, Boolean suppressSecurityChecks)
   在 System.Reflection.RuntimeAssembly.InternalLoadAssemblyName(AssemblyName assemblyRef, Evidence assemblySecurity, RuntimeAssembly reqAssembly, StackCrawlMark& stackMark, IntPtr pPrivHostBinder, Boolean throwOnFileNotFound, Boolean forIntrospection, Boolean suppressSecurityChecks)
   在 System.Reflection.RuntimeAssembly.InternalLoadFrom(String assemblyFile, Evidence securityEvidence, Byte[] hashValue, AssemblyHashAlgorithm hashAlgorithm, Boolean forIntrospection, Boolean suppressSecurityChecks, StackCrawlMark& stackMark)
   在 System.Reflection.Assembly.LoadFrom(String assemblyFile)
   在 ASG74a44NWEteO0pe2F.NxK3Uj4n5yKfkYhU5OB.sLVccbTghw(String )


2013-06-26 17:02:05,Error - 初始化序列化==>加载程序集:E:\NET项目\HYPDM\bin\gregn50.dll时出错

[类型]:Error
[线程]:4
[内存]:3.80M
[时间]:2013-06-26 17:02:05
[内容]:未能加载文件或程序集“file:///E:\NET项目\HYPDM\bin\gregn50.dll”或它的某一个依赖项。该模块应包含一个程序集清单。
[来源]:mscorlib
[目标]:System.Reflection.RuntimeAssembly _nLoad(System.Reflection.AssemblyName, System.String, System.Security.Policy.Evidence, System.Reflection.RuntimeAssembly, System.Threading.StackCrawlMark ByRef, IntPtr, Boolean, Boolean, Boolean)
[堆栈]:   在 System.Reflection.RuntimeAssembly._nLoad(AssemblyName fileName, String codeBase, Evidence assemblySecurity, RuntimeAssembly locationHint, StackCrawlMark& stackMark, IntPtr pPrivHostBinder, Boolean throwOnFileNotFound, Boolean forIntrospection, Boolean suppressSecurityChecks)
   在 System.Reflection.RuntimeAssembly.nLoad(AssemblyName fileName, String codeBase, Evidence assemblySecurity, RuntimeAssembly locationHint, StackCrawlMark& stackMark, IntPtr pPrivHostBinder, Boolean throwOnFileNotFound, Boolean forIntrospection, Boolean suppressSecurityChecks)
   在 System.Reflection.RuntimeAssembly.InternalLoadAssemblyName(AssemblyName assemblyRef, Evidence assemblySecurity, RuntimeAssembly reqAssembly, StackCrawlMark& stackMark, IntPtr pPrivHostBinder, Boolean throwOnFileNotFound, Boolean forIntrospection, Boolean suppressSecurityChecks)
   在 System.Reflection.RuntimeAssembly.InternalLoadFrom(String assemblyFile, Evidence securityEvidence, Byte[] hashValue, AssemblyHashAlgorithm hashAlgorithm, Boolean forIntrospection, Boolean suppressSecurityChecks, StackCrawlMark& stackMark)
   在 System.Reflection.Assembly.LoadFrom(String assemblyFile)
   在 ASG74a44NWEteO0pe2F.NxK3Uj4n5yKfkYhU5OB.sLVccbTghw(String )


[类型]:Error
[线程]:5
[内存]:3.83M
[时间]:2013-06-26 17:02:05
[内容]:文件“E:\NET项目\HYPDM\bin\logs\Error\20130626.log”正由另一进程使用，因此该进程无法访问此文件。
[来源]:mscorlib
[目标]:Void WinIOError(Int32, System.String)
[堆栈]:   在 System.IO.__Error.WinIOError(Int32 errorCode, String maybeFullPath)
   在 System.IO.FileStream.Init(String path, FileMode mode, FileAccess access, Int32 rights, Boolean useRights, FileShare share, Int32 bufferSize, FileOptions options, SECURITY_ATTRIBUTES secAttrs, String msgPath, Boolean bFromProxy, Boolean useLongPath, Boolean checkHost)
   在 System.IO.FileStream..ctor(String path, FileMode mode, FileAccess access, FileShare share, Int32 bufferSize, FileOptions options, String msgPath, Boolean bFromProxy, Boolean useLongPath, Boolean checkHost)
   在 System.IO.StreamWriter.CreateFile(String path, Boolean append, Boolean checkHost)
   在 System.IO.StreamWriter..ctor(String path, Boolean append, Encoding encoding, Int32 bufferSize, Boolean checkHost)
   在 System.IO.StreamWriter..ctor(String path, Boolean append)
   在 System.IO.File.AppendText(String path)
   在 EAS.Services.TextLogger.Yoju9pAYm8OgRdqeDab(Object )
   在 EAS.Services.TextLogger.E4apVNWEte(cltCKunA6ct1woo0Mhe )
   在 EAS.Services.TextLogger.nU5pIOB0SG(StringBuilder , cltCKunA6ct1woo0Mhe )
   在 EAS.Services.TextLogger.EAS.Services.ILogger.Error(Exception exc)
   在 ocMIOinStqCwKZ2arLP.UD1wfbnlvcuh9faL2go.deBLhs5Qt66JMAUZiIE(Object , Object )
   在 ocMIOinStqCwKZ2arLP.UD1wfbnlvcuh9faL2go.sdDv3Ur0el(Exception )
   在 ELNFgb4UIs6y0oZEVY4.p9rEDf4YL2ZMhBciGgh.LVI2J6azSjVskJmQ9Fl(Object )
   在 ELNFgb4UIs6y0oZEVY4.p9rEDf4YL2ZMhBciGgh.B5AcylsUng(String )
   在 ELNFgb4UIs6y0oZEVY4.p9rEDf4YL2ZMhBciGgh.Initialize()
   在 uS1gDNn0kdAloYikVhH.xZOIYZnF9qRWPCtsavC.lpmGhhd4ue8bQAbF633(Object )
   在 uS1gDNn0kdAloYikVhH.xZOIYZnF9qRWPCtsavC..ctor(String , IAssemblyLoader )
   在 uS1gDNn0kdAloYikVhH.xZOIYZnF9qRWPCtsavC..ctor(IAssemblyLoader )
   在 EAS.Objects.ContainerBuilder.Builder(IAssemblyLoader loader)
   在 oQExwNYCUfs1Y9kU5J.MrymGFpXD2KPY3c1GR.DjC2Zn5el095EqRgkI(Object )
   在 oQExwNYCUfs1Y9kU5J.MrymGFpXD2KPY3c1GR..ctor()
   在 oQExwNYCUfs1Y9kU5J.MrymGFpXD2KPY3c1GR.WjV0BnIAF()
   在 oQExwNYCUfs1Y9kU5J.MrymGFpXD2KPY3c1GR.XXXUuvaLX2f1b2yjLw()
   在 oQExwNYCUfs1Y9kU5J.MrymGFpXD2KPY3c1GR.SV9MRxXPO()
   在 oQExwNYCUfs1Y9kU5J.MrymGFpXD2KPY3c1GR.WtVucRPMr5VmGaHEKv()
   在 oQExwNYCUfs1Y9kU5J.MrymGFpXD2KPY3c1GR.ppUFmGgW4(Type )
   在 EAS.Services.DirectServiceBridger.CAOHT5vXbXnvTAdT7M(Type )
   在 EAS.Services.DirectServiceBridger.InvokeMethod(Type serviceType, MethodBase method, Object[] args)
   在 KOyi3FnqQTQ8wHb7i3g.sCcYBpnEGUyBNbSeCIg.oakVATW7hBxojZIppXX(Object , Type serviceType, Object , Object )
   在 KOyi3FnqQTQ8wHb7i3g.sCcYBpnEGUyBNbSeCIg.Intercept(IInvocation , Object[] args)
   在 xNx2krndBHYKw7XxXD2.wF7Zw9nTtc82PkHSRGK.Invoke(IMessage )
   在 System.Runtime.Remoting.Proxies.RealProxy.PrivateInvoke(MessageData& msgData, Int32 type)
   在 EAS.Services.ITimeService.GetCurrentTime()
   在 NFxYsDRLPuNKsDg4uf3.artxlTR3FJoj1pqX0f9.ugLoTNB3tnp2mupxgXZ(Object )
   在 NFxYsDRLPuNKsDg4uf3.artxlTR3FJoj1pqX0f9.JyQCfjhLE4()


2013-06-26 17:02:05,Error - 初始化序列化==>加载程序集:E:\NET项目\HYPDM\bin\grdes50.dll时出错

[类型]:Error
[线程]:4
[内存]:6.55M
[时间]:2013-06-26 17:02:05
[内容]:未能加载文件或程序集“file:///E:\NET项目\HYPDM\bin\grdes50.dll”或它的某一个依赖项。该模块应包含一个程序集清单。
[来源]:mscorlib
[目标]:System.Reflection.RuntimeAssembly _nLoad(System.Reflection.AssemblyName, System.String, System.Security.Policy.Evidence, System.Reflection.RuntimeAssembly, System.Threading.StackCrawlMark ByRef, IntPtr, Boolean, Boolean, Boolean)
[堆栈]:   在 System.Reflection.RuntimeAssembly._nLoad(AssemblyName fileName, String codeBase, Evidence assemblySecurity, RuntimeAssembly locationHint, StackCrawlMark& stackMark, IntPtr pPrivHostBinder, Boolean throwOnFileNotFound, Boolean forIntrospection, Boolean suppressSecurityChecks)
   在 System.Reflection.RuntimeAssembly.nLoad(AssemblyName fileName, String codeBase, Evidence assemblySecurity, RuntimeAssembly locationHint, StackCrawlMark& stackMark, IntPtr pPrivHostBinder, Boolean throwOnFileNotFound, Boolean forIntrospection, Boolean suppressSecurityChecks)
   在 System.Reflection.RuntimeAssembly.InternalLoadAssemblyName(AssemblyName assemblyRef, Evidence assemblySecurity, RuntimeAssembly reqAssembly, StackCrawlMark& stackMark, IntPtr pPrivHostBinder, Boolean throwOnFileNotFound, Boolean forIntrospection, Boolean suppressSecurityChecks)
   在 System.Reflection.RuntimeAssembly.InternalLoadFrom(String assemblyFile, Evidence securityEvidence, Byte[] hashValue, AssemblyHashAlgorithm hashAlgorithm, Boolean forIntrospection, Boolean suppressSecurityChecks, StackCrawlMark& stackMark)
   在 System.Reflection.Assembly.LoadFrom(String assemblyFile)
   在 ASG74a44NWEteO0pe2F.NxK3Uj4n5yKfkYhU5OB.sLVccbTghw(String )


2013-06-26 17:02:05,Error - 初始化序列化==>加载程序集:E:\NET项目\HYPDM\bin\gregn50.dll时出错

[类型]:Error
[线程]:4
[内存]:6.65M
[时间]:2013-06-26 17:02:05
[内容]:未能加载文件或程序集“file:///E:\NET项目\HYPDM\bin\gregn50.dll”或它的某一个依赖项。该模块应包含一个程序集清单。
[来源]:mscorlib
[目标]:System.Reflection.RuntimeAssembly _nLoad(System.Reflection.AssemblyName, System.String, System.Security.Policy.Evidence, System.Reflection.RuntimeAssembly, System.Threading.StackCrawlMark ByRef, IntPtr, Boolean, Boolean, Boolean)
[堆栈]:   在 System.Reflection.RuntimeAssembly._nLoad(AssemblyName fileName, String codeBase, Evidence assemblySecurity, RuntimeAssembly locationHint, StackCrawlMark& stackMark, IntPtr pPrivHostBinder, Boolean throwOnFileNotFound, Boolean forIntrospection, Boolean suppressSecurityChecks)
   在 System.Reflection.RuntimeAssembly.nLoad(AssemblyName fileName, String codeBase, Evidence assemblySecurity, RuntimeAssembly locationHint, StackCrawlMark& stackMark, IntPtr pPrivHostBinder, Boolean throwOnFileNotFound, Boolean forIntrospection, Boolean suppressSecurityChecks)
   在 System.Reflection.RuntimeAssembly.InternalLoadAssemblyName(AssemblyName assemblyRef, Evidence assemblySecurity, RuntimeAssembly reqAssembly, StackCrawlMark& stackMark, IntPtr pPrivHostBinder, Boolean throwOnFileNotFound, Boolean forIntrospection, Boolean suppressSecurityChecks)
   在 System.Reflection.RuntimeAssembly.InternalLoadFrom(String assemblyFile, Evidence securityEvidence, Byte[] hashValue, AssemblyHashAlgorithm hashAlgorithm, Boolean forIntrospection, Boolean suppressSecurityChecks, StackCrawlMark& stackMark)
   在 System.Reflection.Assembly.LoadFrom(String assemblyFile)
   在 ASG74a44NWEteO0pe2F.NxK3Uj4n5yKfkYhU5OB.sLVccbTghw(String )


[类型]:Error
[线程]:1
[内存]:6.59M
[时间]:2013-06-26 17:02:07
[内容]:未能加载文件或程序集“file:///E:\NET项目\HYPDM\bin\grdes50.dll”或它的某一个依赖项。该模块应包含一个程序集清单。
[来源]:mscorlib
[目标]:System.Reflection.RuntimeAssembly _nLoad(System.Reflection.AssemblyName, System.String, System.Security.Policy.Evidence, System.Reflection.RuntimeAssembly, System.Threading.StackCrawlMark ByRef, IntPtr, Boolean, Boolean, Boolean)
[堆栈]:   在 System.Reflection.RuntimeAssembly._nLoad(AssemblyName fileName, String codeBase, Evidence assemblySecurity, RuntimeAssembly locationHint, StackCrawlMark& stackMark, IntPtr pPrivHostBinder, Boolean throwOnFileNotFound, Boolean forIntrospection, Boolean suppressSecurityChecks)
   在 System.Reflection.RuntimeAssembly.nLoad(AssemblyName fileName, String codeBase, Evidence assemblySecurity, RuntimeAssembly locationHint, StackCrawlMark& stackMark, IntPtr pPrivHostBinder, Boolean throwOnFileNotFound, Boolean forIntrospection, Boolean suppressSecurityChecks)
   在 System.Reflection.RuntimeAssembly.InternalLoadAssemblyName(AssemblyName assemblyRef, Evidence assemblySecurity, RuntimeAssembly reqAssembly, StackCrawlMark& stackMark, IntPtr pPrivHostBinder, Boolean throwOnFileNotFound, Boolean forIntrospection, Boolean suppressSecurityChecks)
   在 System.Reflection.RuntimeAssembly.InternalLoadFrom(String assemblyFile, Evidence securityEvidence, Byte[] hashValue, AssemblyHashAlgorithm hashAlgorithm, Boolean forIntrospection, Boolean suppressSecurityChecks, StackCrawlMark& stackMark)
   在 System.Reflection.Assembly.LoadFrom(String assemblyFile)
   在 ELNFgb4UIs6y0oZEVY4.p9rEDf4YL2ZMhBciGgh.qY5ZVgpGGEiheaoT66Q(Object )
   在 ELNFgb4UIs6y0oZEVY4.p9rEDf4YL2ZMhBciGgh.B5AcylsUng(String )


[类型]:Error
[线程]:1
[内存]:6.69M
[时间]:2013-06-26 17:02:07
[内容]:未能加载文件或程序集“file:///E:\NET项目\HYPDM\bin\gregn50.dll”或它的某一个依赖项。该模块应包含一个程序集清单。
[来源]:mscorlib
[目标]:System.Reflection.RuntimeAssembly _nLoad(System.Reflection.AssemblyName, System.String, System.Security.Policy.Evidence, System.Reflection.RuntimeAssembly, System.Threading.StackCrawlMark ByRef, IntPtr, Boolean, Boolean, Boolean)
[堆栈]:   在 System.Reflection.RuntimeAssembly._nLoad(AssemblyName fileName, String codeBase, Evidence assemblySecurity, RuntimeAssembly locationHint, StackCrawlMark& stackMark, IntPtr pPrivHostBinder, Boolean throwOnFileNotFound, Boolean forIntrospection, Boolean suppressSecurityChecks)
   在 System.Reflection.RuntimeAssembly.nLoad(AssemblyName fileName, String codeBase, Evidence assemblySecurity, RuntimeAssembly locationHint, StackCrawlMark& stackMark, IntPtr pPrivHostBinder, Boolean throwOnFileNotFound, Boolean forIntrospection, Boolean suppressSecurityChecks)
   在 System.Reflection.RuntimeAssembly.InternalLoadAssemblyName(AssemblyName assemblyRef, Evidence assemblySecurity, RuntimeAssembly reqAssembly, StackCrawlMark& stackMark, IntPtr pPrivHostBinder, Boolean throwOnFileNotFound, Boolean forIntrospection, Boolean suppressSecurityChecks)
   在 System.Reflection.RuntimeAssembly.InternalLoadFrom(String assemblyFile, Evidence securityEvidence, Byte[] hashValue, AssemblyHashAlgorithm hashAlgorithm, Boolean forIntrospection, Boolean suppressSecurityChecks, StackCrawlMark& stackMark)
   在 System.Reflection.Assembly.LoadFrom(String assemblyFile)
   在 ELNFgb4UIs6y0oZEVY4.p9rEDf4YL2ZMhBciGgh.qY5ZVgpGGEiheaoT66Q(Object )
   在 ELNFgb4UIs6y0oZEVY4.p9rEDf4YL2ZMhBciGgh.B5AcylsUng(String )


[类型]:Error
[线程]:1
[内存]:5.64M
[时间]:2013-06-26 17:02:07
[内容]:未能加载文件或程序集“file:///E:\NET项目\HYPDM\bin\grdes50.dll”或它的某一个依赖项。该模块应包含一个程序集清单。
[来源]:mscorlib
[目标]:System.Reflection.RuntimeAssembly _nLoad(System.Reflection.AssemblyName, System.String, System.Security.Policy.Evidence, System.Reflection.RuntimeAssembly, System.Threading.StackCrawlMark ByRef, IntPtr, Boolean, Boolean, Boolean)
[堆栈]:   在 System.Reflection.RuntimeAssembly._nLoad(AssemblyName fileName, String codeBase, Evidence assemblySecurity, RuntimeAssembly locationHint, StackCrawlMark& stackMark, IntPtr pPrivHostBinder, Boolean throwOnFileNotFound, Boolean forIntrospection, Boolean suppressSecurityChecks)
   在 System.Reflection.RuntimeAssembly.nLoad(AssemblyName fileName, String codeBase, Evidence assemblySecurity, RuntimeAssembly locationHint, StackCrawlMark& stackMark, IntPtr pPrivHostBinder, Boolean throwOnFileNotFound, Boolean forIntrospection, Boolean suppressSecurityChecks)
   在 System.Reflection.RuntimeAssembly.InternalLoadAssemblyName(AssemblyName assemblyRef, Evidence assemblySecurity, RuntimeAssembly reqAssembly, StackCrawlMark& stackMark, IntPtr pPrivHostBinder, Boolean throwOnFileNotFound, Boolean forIntrospection, Boolean suppressSecurityChecks)
   在 System.Reflection.RuntimeAssembly.InternalLoadFrom(String assemblyFile, Evidence securityEvidence, Byte[] hashValue, AssemblyHashAlgorithm hashAlgorithm, Boolean forIntrospection, Boolean suppressSecurityChecks, StackCrawlMark& stackMark)
   在 System.Reflection.Assembly.LoadFrom(String assemblyFile)
   在 ELNFgb4UIs6y0oZEVY4.p9rEDf4YL2ZMhBciGgh.qY5ZVgpGGEiheaoT66Q(Object )
   在 ELNFgb4UIs6y0oZEVY4.p9rEDf4YL2ZMhBciGgh.B5AcylsUng(String )


[类型]:Error
[线程]:1
[内存]:5.74M
[时间]:2013-06-26 17:02:07
[内容]:未能加载文件或程序集“file:///E:\NET项目\HYPDM\bin\gregn50.dll”或它的某一个依赖项。该模块应包含一个程序集清单。
[来源]:mscorlib
[目标]:System.Reflection.RuntimeAssembly _nLoad(System.Reflection.AssemblyName, System.String, System.Security.Policy.Evidence, System.Reflection.RuntimeAssembly, System.Threading.StackCrawlMark ByRef, IntPtr, Boolean, Boolean, Boolean)
[堆栈]:   在 System.Reflection.RuntimeAssembly._nLoad(AssemblyName fileName, String codeBase, Evidence assemblySecurity, RuntimeAssembly locationHint, StackCrawlMark& stackMark, IntPtr pPrivHostBinder, Boolean throwOnFileNotFound, Boolean forIntrospection, Boolean suppressSecurityChecks)
   在 System.Reflection.RuntimeAssembly.nLoad(AssemblyName fileName, String codeBase, Evidence assemblySecurity, RuntimeAssembly locationHint, StackCrawlMark& stackMark, IntPtr pPrivHostBinder, Boolean throwOnFileNotFound, Boolean forIntrospection, Boolean suppressSecurityChecks)
   在 System.Reflection.RuntimeAssembly.InternalLoadAssemblyName(AssemblyName assemblyRef, Evidence assemblySecurity, RuntimeAssembly reqAssembly, StackCrawlMark& stackMark, IntPtr pPrivHostBinder, Boolean throwOnFileNotFound, Boolean forIntrospection, Boolean suppressSecurityChecks)
   在 System.Reflection.RuntimeAssembly.InternalLoadFrom(String assemblyFile, Evidence securityEvidence, Byte[] hashValue, AssemblyHashAlgorithm hashAlgorithm, Boolean forIntrospection, Boolean suppressSecurityChecks, StackCrawlMark& stackMark)
   在 System.Reflection.Assembly.LoadFrom(String assemblyFile)
   在 ELNFgb4UIs6y0oZEVY4.p9rEDf4YL2ZMhBciGgh.qY5ZVgpGGEiheaoT66Q(Object )
   在 ELNFgb4UIs6y0oZEVY4.p9rEDf4YL2ZMhBciGgh.B5AcylsUng(String )


