2013-08-19 13:58:44,Info - BaseDirectory:=F:\HYFrameWork\HYPDM\src\HYPDM\bin\
2013-08-19 13:58:46,Info - Location=F:\HYFrameWork\HYPDM\src\HYPDM\bin\EAS.MicroKernel.dll
2013-08-19 14:00:58,Info - BaseDirectory:=F:\HYFrameWork\HYPDM\src\HYPDM\bin\
2013-08-19 14:00:59,Info - Location=F:\HYFrameWork\HYPDM\src\HYPDM\bin\EAS.MicroKernel.dll
2013-08-19 14:01:51,Info - BaseDirectory:=F:\HYFrameWork\HYPDM\src\HYPDM\bin\
2013-08-19 14:01:51,Info - Location=F:\HYFrameWork\HYPDM\src\HYPDM\bin\EAS.MicroKernel.dll
2013-08-19 14:04:04,Info - BaseDirectory:=F:\HYFrameWork\HYPDM\src\HYPDM\bin\
2013-08-19 14:04:05,Info - Location=F:\HYFrameWork\HYPDM\src\HYPDM\bin\EAS.MicroKernel.dll
2013-08-19 14:04:55,Info - BaseDirectory:=F:\HYFrameWork\HYPDM\src\HYPDM\bin\
2013-08-19 14:04:56,Info - Location=F:\HYFrameWork\HYPDM\src\HYPDM\bin\EAS.MicroKernel.dll
2013-08-19 14:08:56,Info - BaseDirectory:=F:\HYFrameWork\HYPDM\src\HYPDM\bin\
2013-08-19 14:08:57,Info - Location=F:\HYFrameWork\HYPDM\src\HYPDM\bin\EAS.MicroKernel.dll
2013-08-19 14:10:58,Info - BaseDirectory:=F:\HYFrameWork\HYPDM\src\HYPDM\bin\
2013-08-19 14:10:59,Info - Location=F:\HYFrameWork\HYPDM\src\HYPDM\bin\EAS.MicroKernel.dll
2013-08-19 14:14:04,Info - BaseDirectory:=F:\HYFrameWork\HYPDM\src\HYPDM\bin\
2013-08-19 14:14:05,Info - Location=F:\HYFrameWork\HYPDM\src\HYPDM\bin\EAS.MicroKernel.dll
2013-08-19 14:20:11,Info - BaseDirectory:=E:\HYFrameWork\HYPDM\src\HYPDM\bin\
2013-08-19 14:20:13,Info - Location=E:\HYFrameWork\HYPDM\src\HYPDM\bin\EAS.MicroKernel.dll
2013-08-19 14:23:40,Info - BaseDirectory:=E:\HYFrameWork\HYPDM\src\HYPDM\bin\
2013-08-19 14:23:42,Info - Location=E:\HYFrameWork\HYPDM\src\HYPDM\bin\EAS.MicroKernel.dll
2013-08-19 15:14:22,Info - BaseDirectory:=E:\HYFrameWork\HYPDM\src\HYPDM\Bin\
2013-08-19 15:14:27,Info - Location=E:\HYFrameWork\HYPDM\src\HYPDM\Bin\EAS.MicroKernel.dll
2013-08-19 15:20:31,Info - BaseDirectory:=F:\HYFrameWork\HYPDM\src\HYPDM\bin\
2013-08-19 15:20:33,Info - Location=F:\HYFrameWork\HYPDM\src\HYPDM\bin\EAS.MicroKernel.dll
2013-08-19 15:29:21,Info - BaseDirectory:=F:\HYFrameWork\HYPDM\src\HYPDM\bin\
2013-08-19 15:29:22,Info - Location=F:\HYFrameWork\HYPDM\src\HYPDM\bin\EAS.MicroKernel.dll
2013-08-19 15:36:27,Info - BaseDirectory:=F:\HYFrameWork\HYPDM\src\HYPDM\bin\
2013-08-19 15:36:28,Info - Location=F:\HYFrameWork\HYPDM\src\HYPDM\bin\EAS.MicroKernel.dll
2013-08-19 15:40:35,Info - BaseDirectory:=F:\HYFrameWork\HYPDM\src\HYPDM\bin\
2013-08-19 15:40:36,Info - Location=F:\HYFrameWork\HYPDM\src\HYPDM\bin\EAS.MicroKernel.dll
2013-08-19 15:41:26,Info - BaseDirectory:=F:\HYFrameWork\HYPDM\src\HYPDM\bin\
2013-08-19 15:41:27,Info - Location=F:\HYFrameWork\HYPDM\src\HYPDM\bin\EAS.MicroKernel.dll
2013-08-19 15:49:28,Info - BaseDirectory:=F:\HYFrameWork\HYPDM\src\HYPDM\bin\
2013-08-19 15:49:28,Info - Location=F:\HYFrameWork\HYPDM\src\HYPDM\bin\EAS.MicroKernel.dll
2013-08-19 15:54:33,Info - BaseDirectory:=F:\HYFrameWork\HYPDM\src\HYPDM\bin\
2013-08-19 15:54:34,Info - Location=F:\HYFrameWork\HYPDM\src\HYPDM\bin\EAS.MicroKernel.dll
2013-08-19 15:56:07,Info - BaseDirectory:=F:\HYFrameWork\HYPDM\src\HYPDM\bin\
2013-08-19 15:56:08,Info - Location=F:\HYFrameWork\HYPDM\src\HYPDM\bin\EAS.MicroKernel.dll
2013-08-19 15:58:52,Info - BaseDirectory:=F:\HYFrameWork\HYPDM\src\HYPDM\bin\
2013-08-19 15:58:53,Info - Location=F:\HYFrameWork\HYPDM\src\HYPDM\bin\EAS.MicroKernel.dll
2013-08-19 16:10:30,Info - BaseDirectory:=F:\HYFrameWork\HYPDM\src\HYPDM\bin\
2013-08-19 16:10:31,Info - Location=F:\HYFrameWork\HYPDM\src\HYPDM\bin\EAS.MicroKernel.dll
2013-08-19 16:15:06,Info - BaseDirectory:=F:\HYFrameWork\HYPDM\src\HYPDM\bin\
2013-08-19 16:15:07,Info - Location=F:\HYFrameWork\HYPDM\src\HYPDM\bin\EAS.MicroKernel.dll
2013-08-19 16:16:26,Info - BaseDirectory:=F:\HYFrameWork\HYPDM\src\HYPDM\bin\
2013-08-19 16:16:27,Info - Location=F:\HYFrameWork\HYPDM\src\HYPDM\bin\EAS.MicroKernel.dll
2013-08-19 16:20:46,Info - BaseDirectory:=F:\HYFrameWork\HYPDM\src\HYPDM\bin\
2013-08-19 16:20:47,Info - Location=F:\HYFrameWork\HYPDM\src\HYPDM\bin\EAS.MicroKernel.dll
2013-08-19 16:21:45,Info - BaseDirectory:=F:\HYFrameWork\HYPDM\src\HYPDM\bin\
2013-08-19 16:21:45,Info - Location=F:\HYFrameWork\HYPDM\src\HYPDM\bin\EAS.MicroKernel.dll
2013-08-19 16:22:28,Info - BaseDirectory:=F:\HYFrameWork\HYPDM\src\HYPDM\bin\
2013-08-19 16:22:29,Info - Location=F:\HYFrameWork\HYPDM\src\HYPDM\bin\EAS.MicroKernel.dll
2013-08-19 16:27:08,Info - BaseDirectory:=F:\HYFrameWork\HYPDM\src\HYPDM\bin\
2013-08-19 16:27:09,Info - Location=F:\HYFrameWork\HYPDM\src\HYPDM\bin\EAS.MicroKernel.dll
2013-08-19 16:40:36,Info - BaseDirectory:=F:\HYFrameWork\HYPDM\src\HYPDM\bin\
2013-08-19 16:40:37,Info - Location=F:\HYFrameWork\HYPDM\src\HYPDM\bin\EAS.MicroKernel.dll
2013-08-19 16:41:57,Info - BaseDirectory:=F:\HYFrameWork\HYPDM\src\HYPDM\bin\
2013-08-19 16:41:58,Info - Location=F:\HYFrameWork\HYPDM\src\HYPDM\bin\EAS.MicroKernel.dll
2013-08-19 16:42:55,Info - BaseDirectory:=F:\HYFrameWork\HYPDM\src\HYPDM\bin\
2013-08-19 16:42:55,Info - Location=F:\HYFrameWork\HYPDM\src\HYPDM\bin\EAS.MicroKernel.dll
2013-08-19 16:43:24,Info - BaseDirectory:=F:\HYFrameWork\HYPDM\src\HYPDM\bin\
2013-08-19 16:43:25,Info - Location=F:\HYFrameWork\HYPDM\src\HYPDM\bin\EAS.MicroKernel.dll
2013-08-19 16:44:26,Info - BaseDirectory:=F:\HYFrameWork\HYPDM\src\HYPDM\bin\
2013-08-19 16:44:27,Info - Location=F:\HYFrameWork\HYPDM\src\HYPDM\bin\EAS.MicroKernel.dll
2013-08-19 16:45:05,Info - BaseDirectory:=F:\HYFrameWork\HYPDM\src\HYPDM\bin\
2013-08-19 16:45:06,Info - Location=F:\HYFrameWork\HYPDM\src\HYPDM\bin\EAS.MicroKernel.dll
2013-08-19 16:46:03,Info - BaseDirectory:=F:\HYFrameWork\HYPDM\src\HYPDM\bin\
2013-08-19 16:46:03,Info - Location=F:\HYFrameWork\HYPDM\src\HYPDM\bin\EAS.MicroKernel.dll
2013-08-19 16:47:22,Info - BaseDirectory:=F:\HYFrameWork\HYPDM\src\HYPDM\bin\
2013-08-19 16:47:23,Info - Location=F:\HYFrameWork\HYPDM\src\HYPDM\bin\EAS.MicroKernel.dll
2013-08-19 16:47:55,Info - BaseDirectory:=F:\HYFrameWork\HYPDM\src\HYPDM\bin\
2013-08-19 16:48:29,Info - BaseDirectory:=F:\HYFrameWork\HYPDM\src\HYPDM\bin\
2013-08-19 16:48:30,Info - Location=F:\HYFrameWork\HYPDM\src\HYPDM\bin\EAS.MicroKernel.dll
2013-08-19 16:49:56,Info - BaseDirectory:=F:\HYFrameWork\HYPDM\src\HYPDM\bin\
2013-08-19 16:49:57,Info - Location=F:\HYFrameWork\HYPDM\src\HYPDM\bin\EAS.MicroKernel.dll
2013-08-19 17:03:07,Info - BaseDirectory:=F:\HYFrameWork\HYPDM\src\HYPDM\bin\
2013-08-19 17:03:08,Info - Location=F:\HYFrameWork\HYPDM\src\HYPDM\bin\EAS.MicroKernel.dll
2013-08-19 17:05:02,Info - BaseDirectory:=F:\HYFrameWork\HYPDM\src\HYPDM\bin\
2013-08-19 17:05:03,Info - Location=F:\HYFrameWork\HYPDM\src\HYPDM\bin\EAS.MicroKernel.dll
2013-08-19 17:06:27,Info - BaseDirectory:=F:\HYFrameWork\HYPDM\src\HYPDM\bin\
2013-08-19 17:06:28,Info - Location=F:\HYFrameWork\HYPDM\src\HYPDM\bin\EAS.MicroKernel.dll
2013-08-19 17:07:29,Info - BaseDirectory:=F:\HYFrameWork\HYPDM\src\HYPDM\bin\
2013-08-19 17:07:30,Info - Location=F:\HYFrameWork\HYPDM\src\HYPDM\bin\EAS.MicroKernel.dll
2013-08-19 17:09:08,Info - BaseDirectory:=F:\HYFrameWork\HYPDM\src\HYPDM\bin\
2013-08-19 17:09:09,Info - Location=F:\HYFrameWork\HYPDM\src\HYPDM\bin\EAS.MicroKernel.dll
2013-08-19 17:10:50,Info - BaseDirectory:=F:\HYFrameWork\HYPDM\src\HYPDM\bin\
2013-08-19 17:10:51,Info - Location=F:\HYFrameWork\HYPDM\src\HYPDM\bin\EAS.MicroKernel.dll
2013-08-19 17:13:20,Info - BaseDirectory:=F:\HYFrameWork\HYPDM\src\HYPDM\bin\
2013-08-19 17:13:21,Info - Location=F:\HYFrameWork\HYPDM\src\HYPDM\bin\EAS.MicroKernel.dll
2013-08-19 17:15:43,Info - BaseDirectory:=F:\HYFrameWork\HYPDM\src\HYPDM\bin\
2013-08-19 17:15:44,Info - Location=F:\HYFrameWork\HYPDM\src\HYPDM\bin\EAS.MicroKernel.dll
2013-08-19 17:20:39,Info - BaseDirectory:=F:\HYFrameWork\HYPDM\src\HYPDM\bin\
2013-08-19 17:20:40,Info - Location=F:\HYFrameWork\HYPDM\src\HYPDM\bin\EAS.MicroKernel.dll
2013-08-19 17:23:36,Info - BaseDirectory:=F:\HYFrameWork\HYPDM\src\HYPDM\bin\
2013-08-19 17:23:37,Info - Location=F:\HYFrameWork\HYPDM\src\HYPDM\bin\EAS.MicroKernel.dll
2013-08-19 17:24:34,Info - BaseDirectory:=F:\HYFrameWork\HYPDM\src\HYPDM\bin\
2013-08-19 17:24:35,Info - Location=F:\HYFrameWork\HYPDM\src\HYPDM\bin\EAS.MicroKernel.dll
2013-08-19 17:28:39,Info - BaseDirectory:=F:\HYFrameWork\HYPDM\src\HYPDM\bin\
2013-08-19 17:28:40,Info - Location=F:\HYFrameWork\HYPDM\src\HYPDM\bin\EAS.MicroKernel.dll
2013-08-19 17:30:20,Info - BaseDirectory:=F:\HYFrameWork\HYPDM\src\HYPDM\bin\
2013-08-19 17:30:21,Info - Location=F:\HYFrameWork\HYPDM\src\HYPDM\bin\EAS.MicroKernel.dll
2013-08-19 17:32:09,Info - BaseDirectory:=F:\HYFrameWork\HYPDM\src\HYPDM\bin\
2013-08-19 17:32:10,Info - Location=F:\HYFrameWork\HYPDM\src\HYPDM\bin\EAS.MicroKernel.dll
2013-08-19 17:33:52,Info - BaseDirectory:=F:\HYFrameWork\HYPDM\src\HYPDM\bin\
2013-08-19 17:33:53,Info - Location=F:\HYFrameWork\HYPDM\src\HYPDM\bin\EAS.MicroKernel.dll
2013-08-19 17:38:23,Info - BaseDirectory:=F:\HYFrameWork\HYPDM\src\HYPDM\bin\
2013-08-19 17:38:24,Info - Location=F:\HYFrameWork\HYPDM\src\HYPDM\bin\EAS.MicroKernel.dll
2013-08-19 17:42:07,Info - BaseDirectory:=F:\HYFrameWork\HYPDM\src\HYPDM\bin\
2013-08-19 17:42:07,Info - Location=F:\HYFrameWork\HYPDM\src\HYPDM\bin\EAS.MicroKernel.dll
2013-08-19 18:07:21,Info - BaseDirectory:=F:\HYFrameWork\HYPDM\src\HYPDM\bin\
2013-08-19 18:07:22,Info - Location=F:\HYFrameWork\HYPDM\src\HYPDM\bin\EAS.MicroKernel.dll
2013-08-19 18:09:55,Info - BaseDirectory:=F:\HYFrameWork\HYPDM\src\HYPDM\bin\
2013-08-19 18:09:56,Info - Location=F:\HYFrameWork\HYPDM\src\HYPDM\bin\EAS.MicroKernel.dll
