2013-08-21 08:58:59,Info - BaseDirectory:=F:\HYFrameWork\HYPDM\src\HYPDM\bin\
2013-08-21 09:14:50,Info - BaseDirectory:=F:\HYFrameWork\HYPDM\src\HYPDM\bin\
2013-08-21 09:15:17,Info - Location=F:\HYFrameWork\HYPDM\src\HYPDM\bin\EAS.MicroKernel.dll
2013-08-21 09:23:06,Info - BaseDirectory:=F:\HYFrameWork\HYPDM\src\HYPDM\bin\
2013-08-21 09:23:07,Info - Location=F:\HYFrameWork\HYPDM\src\HYPDM\bin\EAS.MicroKernel.dll
2013-08-21 09:40:47,Info - BaseDirectory:=F:\HYFrameWork\HYPDM\src\HYPDM\bin\
2013-08-21 09:40:50,Info - Location=F:\HYFrameWork\HYPDM\src\HYPDM\bin\EAS.MicroKernel.dll
2013-08-21 09:43:17,Info - BaseDirectory:=F:\HYFrameWork\HYPDM\src\HYPDM\bin\
2013-08-21 09:43:18,Info - Location=F:\HYFrameWork\HYPDM\src\HYPDM\bin\EAS.MicroKernel.dll
2013-08-21 09:55:03,Info - BaseDirectory:=F:\HYFrameWork\HYPDM\src\HYPDM\bin\
2013-08-21 09:55:04,Info - Location=F:\HYFrameWork\HYPDM\src\HYPDM\bin\EAS.MicroKernel.dll
2013-08-21 09:56:52,Info - BaseDirectory:=F:\HYFrameWork\HYPDM\src\HYPDM\bin\
2013-08-21 09:56:53,Info - Location=F:\HYFrameWork\HYPDM\src\HYPDM\bin\EAS.MicroKernel.dll
2013-08-21 09:59:23,Info - BaseDirectory:=F:\HYFrameWork\HYPDM\src\HYPDM\bin\
2013-08-21 09:59:24,Info - Location=F:\HYFrameWork\HYPDM\src\HYPDM\bin\EAS.MicroKernel.dll
2013-08-21 10:04:26,Info - BaseDirectory:=F:\HYFrameWork\HYPDM\src\HYPDM\bin\
2013-08-21 10:04:26,Info - Location=F:\HYFrameWork\HYPDM\src\HYPDM\bin\EAS.MicroKernel.dll
2013-08-21 10:19:27,Info - BaseDirectory:=F:\HYFrameWork\HYPDM\src\HYPDM\bin\
2013-08-21 10:19:28,Info - Location=F:\HYFrameWork\HYPDM\src\HYPDM\bin\EAS.MicroKernel.dll
2013-08-21 10:24:12,Info - BaseDirectory:=F:\HYFrameWork\HYPDM\src\HYPDM\bin\
2013-08-21 10:24:13,Info - Location=F:\HYFrameWork\HYPDM\src\HYPDM\bin\EAS.MicroKernel.dll
2013-08-21 10:26:15,Info - BaseDirectory:=F:\HYFrameWork\HYPDM\src\HYPDM\bin\
2013-08-21 10:26:16,Info - Location=F:\HYFrameWork\HYPDM\src\HYPDM\bin\EAS.MicroKernel.dll
2013-08-21 10:27:28,Info - BaseDirectory:=F:\HYFrameWork\HYPDM\src\HYPDM\bin\
2013-08-21 10:27:29,Info - Location=F:\HYFrameWork\HYPDM\src\HYPDM\bin\EAS.MicroKernel.dll
2013-08-21 10:45:55,Info - BaseDirectory:=F:\HYFrameWork\HYPDM\src\HYPDM\bin\
2013-08-21 10:45:56,Info - Location=F:\HYFrameWork\HYPDM\src\HYPDM\bin\EAS.MicroKernel.dll
2013-08-21 11:07:40,Info - BaseDirectory:=F:\HYFrameWork\HYPDM\src\HYPDM\bin\
2013-08-21 11:07:41,Info - Location=F:\HYFrameWork\HYPDM\src\HYPDM\bin\EAS.MicroKernel.dll
2013-08-21 11:27:58,Info - BaseDirectory:=F:\HYFrameWork\HYPDM\src\HYPDM\bin\
2013-08-21 11:27:59,Info - Location=F:\HYFrameWork\HYPDM\src\HYPDM\bin\EAS.MicroKernel.dll
2013-08-21 11:28:53,Info - BaseDirectory:=F:\HYFrameWork\HYPDM\src\HYPDM\bin\
2013-08-21 11:28:54,Info - Location=F:\HYFrameWork\HYPDM\src\HYPDM\bin\EAS.MicroKernel.dll
2013-08-21 11:31:11,Info - BaseDirectory:=F:\HYFrameWork\HYPDM\src\HYPDM\bin\
2013-08-21 11:31:12,Info - Location=F:\HYFrameWork\HYPDM\src\HYPDM\bin\EAS.MicroKernel.dll
2013-08-21 11:34:27,Info - BaseDirectory:=F:\HYFrameWork\HYPDM\src\HYPDM\bin\
2013-08-21 11:34:27,Info - Location=F:\HYFrameWork\HYPDM\src\HYPDM\bin\EAS.MicroKernel.dll
2013-08-21 11:38:51,Info - BaseDirectory:=F:\HYFrameWork\HYPDM\src\HYPDM\bin\
2013-08-21 11:38:53,Info - Location=F:\HYFrameWork\HYPDM\src\HYPDM\bin\EAS.MicroKernel.dll
2013-08-21 11:50:43,Info - BaseDirectory:=F:\HYFrameWork\HYPDM\src\HYPDM\bin\
2013-08-21 11:50:44,Info - Location=F:\HYFrameWork\HYPDM\src\HYPDM\bin\EAS.MicroKernel.dll
2013-08-21 11:54:56,Info - BaseDirectory:=F:\HYFrameWork\HYPDM\src\HYPDM\bin\
2013-08-21 11:54:56,Info - Location=F:\HYFrameWork\HYPDM\src\HYPDM\bin\EAS.MicroKernel.dll
2013-08-21 12:34:31,Info - BaseDirectory:=F:\HYFrameWork\HYPDM\src\HYPDM\bin\
2013-08-21 12:34:37,Info - Location=F:\HYFrameWork\HYPDM\src\HYPDM\bin\EAS.MicroKernel.dll
2013-08-21 12:38:26,Info - BaseDirectory:=F:\HYFrameWork\HYPDM\src\HYPDM\bin\
2013-08-21 12:38:27,Info - Location=F:\HYFrameWork\HYPDM\src\HYPDM\bin\EAS.MicroKernel.dll
2013-08-21 12:39:15,Info - BaseDirectory:=F:\HYFrameWork\HYPDM\src\HYPDM\bin\
2013-08-21 12:39:16,Info - Location=F:\HYFrameWork\HYPDM\src\HYPDM\bin\EAS.MicroKernel.dll
2013-08-21 12:43:43,Info - BaseDirectory:=F:\HYFrameWork\HYPDM\src\HYPDM\bin\
2013-08-21 12:43:44,Info - Location=F:\HYFrameWork\HYPDM\src\HYPDM\bin\EAS.MicroKernel.dll
2013-08-21 12:56:07,Info - BaseDirectory:=F:\HYFrameWork\HYPDM\src\HYPDM\bin\
2013-08-21 12:56:08,Info - Location=F:\HYFrameWork\HYPDM\src\HYPDM\bin\EAS.MicroKernel.dll
2013-08-21 12:58:06,Info - BaseDirectory:=F:\HYFrameWork\HYPDM\src\HYPDM\bin\
2013-08-21 12:58:07,Info - Location=F:\HYFrameWork\HYPDM\src\HYPDM\bin\EAS.MicroKernel.dll
2013-08-21 14:28:52,Info - BaseDirectory:=F:\HYFrameWork\HYPDM\src\HYPDM\bin\
2013-08-21 14:28:53,Info - Location=F:\HYFrameWork\HYPDM\src\HYPDM\bin\EAS.MicroKernel.dll
2013-08-21 15:18:10,Info - BaseDirectory:=F:\HYFrameWork\HYPDM\src\HYPDM\bin\
2013-08-21 15:18:13,Info - Location=F:\HYFrameWork\HYPDM\src\HYPDM\bin\EAS.MicroKernel.dll
2013-08-21 15:19:38,Info - BaseDirectory:=F:\HYFrameWork\HYPDM\src\HYPDM\bin\
2013-08-21 15:19:39,Info - Location=F:\HYFrameWork\HYPDM\src\HYPDM\bin\EAS.MicroKernel.dll
2013-08-21 15:20:00,Info - 组件定义:
	Key=DbProvider,Type=EAS.Data.Access.SqlClientProvider,EAS.Data
	Key=DataAccessor,Type=EAS.Data.Access.DataAccessor,EAS.Data
	Key=OrmAccessor,Type=EAS.Data.ORM.OrmAccessor,EAS.Data
	Key=TSqlLanguage,Type=EAS.Data.Linq.TSqlLanguage,EAS.Data
	Key=ServiceBridger,Type=EAS.Services.LocalServiceBridger,EAS.MicroKernel
	Key=Logger,Type=EAS.Services.TextLogger,EAS.MicroKernel
	Key=EAS.Explorer.Resource,Type=HYPDM.Res.Resources,HYPDM.Res
	Key=EAS.Services.TimeService,Type=EAS.Services.TimeService,EAS.MicroKernel
	Key=EAS.Data.ORM.OrmAccessor,Type=EAS.Data.ORM.OrmAccessor,EAS.Data
	Key=EAS.Data.Caching.CacheService,Type=EAS.Data.Caching.CacheService,EAS.Data
	Key=EAS.Data.DataService,Type=EAS.Data.DataService,EAS.Data
	Key=EAS.Explorer.BLL.NavigationService,Type=EAS.Explorer.BLL.NavigationService,EAS.Explorer.BLL.Host
	Key=EAS.Reporting.ReportService,Type=EAS.Reporting.ReportService,EAS.Explorer.BLL.Host
	Key=EAS.Explorer.BLL.LogService,Type=EAS.Explorer.BLL.LogService,EAS.Explorer.BLL.Host
	Key=EAS.Explorer.BLL.InputDictService,Type=EAS.Explorer.BLL.InputDictService,EAS.Explorer.BLL.Host
	Key=EAS.Explorer.BLL.DesktopService,Type=EAS.Explorer.BLL.DesktopService,EAS.Explorer.BLL.Host
	Key=EAS.Explorer.BLL.ReportService,Type=EAS.Explorer.BLL.ReportService,EAS.Explorer.BLL.Host
	Key=EAS.Explorer.BLL.AppSettingService,Type=EAS.Explorer.BLL.AppSettingService,EAS.Explorer.BLL.Host
	Key=EAS.Explorer.BLL.PackageService,Type=EAS.Explorer.BLL.PackageService,EAS.Explorer.BLL.Host
	Key=EAS.Explorer.BLL.ACLService,Type=EAS.Explorer.BLL.ACLService,EAS.Explorer.BLL.Host
	Key=EAS.Explorer.BLL.ReportManageService,Type=EAS.Explorer.BLL.ReportManageService,EAS.Explorer.BLL.Host
	Key=EAS.Explorer.BLL.ModuleService,Type=EAS.Explorer.BLL.ModuleService,EAS.Explorer.BLL.Host
	Key=EAS.Explorer.BLL.RoleService,Type=EAS.Explorer.BLL.RoleService,EAS.Explorer.BLL.Host
	Key=EAS.Explorer.BLL.AccountService,Type=EAS.Explorer.BLL.AccountService,EAS.Explorer.BLL.Host
	Key=EAS.BPM.BLL.WorkflowService,Type=EAS.BPM.BLL.WorkflowService,EAS.Explorer.BLL.Host
	Key=EAS.Explorer.BLL.LoginService,Type=EAS.Explorer.BLL.LoginService,EAS.Explorer.BLL.Host
	Key=EAS.Explorer.BLL.GroupService,Type=EAS.Explorer.BLL.GroupService,EAS.Explorer.BLL.Host
	Key=HYPDM.BLL.BaseServiceObject,Type=HYPDM.BLL.BaseServiceObject,HYPDM.BLL.Host
	Key=HYPDM.BLL.ChangeService,Type=HYPDM.BLL.ChangeService,HYPDM.BLL.Host
	Key=HYPDM.BLL.DocFileListService,Type=HYPDM.BLL.DocFileListService,HYPDM.BLL.Host
	Key=HYPDM.BLL.DocumentService,Type=HYPDM.BLL.DocumentService,HYPDM.BLL.Host
	Key=HYPDM.BLL.FilterService,Type=HYPDM.BLL.FilterService,HYPDM.BLL.Host
	Key=HYPDM.BLL.MaxCodeService,Type=HYPDM.BLL.MaxCodeService,HYPDM.BLL.Host
	Key=HYPDM.BLL.ObjectStructService,Type=HYPDM.BLL.ObjectStructService,HYPDM.BLL.Host
	Key=HYPDM.BLL.PartsService,Type=HYPDM.BLL.PartsService,HYPDM.BLL.Host
	Key=HYPDM.BLL.PhysicalFileService,Type=HYPDM.BLL.PhysicalFileService,HYPDM.BLL.Host
	Key=HYPDM.BLL.PjtChangeService,Type=HYPDM.BLL.PjtChangeService,HYPDM.BLL.Host
	Key=HYPDM.BLL.ProductDocumentService,Type=HYPDM.BLL.ProductDocumentService,HYPDM.BLL.Host
	Key=HYPDM.BLL.ProductProRecordService,Type=HYPDM.BLL.ProductProRecordService,HYPDM.BLL.Host
	Key=HYPDM.BLL.ProductService,Type=HYPDM.BLL.ProductService,HYPDM.BLL.Host
	Key=HYPDM.BLL.ProductStructService,Type=HYPDM.BLL.ProductStructService,HYPDM.BLL.Host
	Key=HYPDM.BLL.VersionService,Type=HYPDM.BLL.VersionService,HYPDM.BLL.Host

2013-08-21 15:21:34,Info - BaseDirectory:=F:\HYFrameWork\HYPDM\src\HYPDM\bin\
2013-08-21 15:21:35,Info - Location=F:\HYFrameWork\HYPDM\src\HYPDM\bin\EAS.MicroKernel.dll
2013-08-21 15:21:58,Info - 组件定义:
	Key=DbProvider,Type=EAS.Data.Access.SqlClientProvider,EAS.Data
	Key=DataAccessor,Type=EAS.Data.Access.DataAccessor,EAS.Data
	Key=OrmAccessor,Type=EAS.Data.ORM.OrmAccessor,EAS.Data
	Key=TSqlLanguage,Type=EAS.Data.Linq.TSqlLanguage,EAS.Data
	Key=ServiceBridger,Type=EAS.Services.LocalServiceBridger,EAS.MicroKernel
	Key=Logger,Type=EAS.Services.TextLogger,EAS.MicroKernel
	Key=EAS.Explorer.Resource,Type=HYPDM.Res.Resources,HYPDM.Res
	Key=EAS.Services.TimeService,Type=EAS.Services.TimeService,EAS.MicroKernel
	Key=EAS.Data.ORM.OrmAccessor,Type=EAS.Data.ORM.OrmAccessor,EAS.Data
	Key=EAS.Data.Caching.CacheService,Type=EAS.Data.Caching.CacheService,EAS.Data
	Key=EAS.Data.DataService,Type=EAS.Data.DataService,EAS.Data
	Key=EAS.Explorer.BLL.NavigationService,Type=EAS.Explorer.BLL.NavigationService,EAS.Explorer.BLL.Host
	Key=EAS.Reporting.ReportService,Type=EAS.Reporting.ReportService,EAS.Explorer.BLL.Host
	Key=EAS.Explorer.BLL.LogService,Type=EAS.Explorer.BLL.LogService,EAS.Explorer.BLL.Host
	Key=EAS.Explorer.BLL.InputDictService,Type=EAS.Explorer.BLL.InputDictService,EAS.Explorer.BLL.Host
	Key=EAS.Explorer.BLL.DesktopService,Type=EAS.Explorer.BLL.DesktopService,EAS.Explorer.BLL.Host
	Key=EAS.Explorer.BLL.ReportService,Type=EAS.Explorer.BLL.ReportService,EAS.Explorer.BLL.Host
	Key=EAS.Explorer.BLL.AppSettingService,Type=EAS.Explorer.BLL.AppSettingService,EAS.Explorer.BLL.Host
	Key=EAS.Explorer.BLL.PackageService,Type=EAS.Explorer.BLL.PackageService,EAS.Explorer.BLL.Host
	Key=EAS.Explorer.BLL.ACLService,Type=EAS.Explorer.BLL.ACLService,EAS.Explorer.BLL.Host
	Key=EAS.Explorer.BLL.ReportManageService,Type=EAS.Explorer.BLL.ReportManageService,EAS.Explorer.BLL.Host
	Key=EAS.Explorer.BLL.ModuleService,Type=EAS.Explorer.BLL.ModuleService,EAS.Explorer.BLL.Host
	Key=EAS.Explorer.BLL.RoleService,Type=EAS.Explorer.BLL.RoleService,EAS.Explorer.BLL.Host
	Key=EAS.Explorer.BLL.AccountService,Type=EAS.Explorer.BLL.AccountService,EAS.Explorer.BLL.Host
	Key=EAS.BPM.BLL.WorkflowService,Type=EAS.BPM.BLL.WorkflowService,EAS.Explorer.BLL.Host
	Key=EAS.Explorer.BLL.LoginService,Type=EAS.Explorer.BLL.LoginService,EAS.Explorer.BLL.Host
	Key=EAS.Explorer.BLL.GroupService,Type=EAS.Explorer.BLL.GroupService,EAS.Explorer.BLL.Host
	Key=HYPDM.BLL.BaseServiceObject,Type=HYPDM.BLL.BaseServiceObject,HYPDM.BLL.Host
	Key=HYPDM.BLL.ChangeService,Type=HYPDM.BLL.ChangeService,HYPDM.BLL.Host
	Key=HYPDM.BLL.DocFileListService,Type=HYPDM.BLL.DocFileListService,HYPDM.BLL.Host
	Key=HYPDM.BLL.DocumentService,Type=HYPDM.BLL.DocumentService,HYPDM.BLL.Host
	Key=HYPDM.BLL.FilterService,Type=HYPDM.BLL.FilterService,HYPDM.BLL.Host
	Key=HYPDM.BLL.MaxCodeService,Type=HYPDM.BLL.MaxCodeService,HYPDM.BLL.Host
	Key=HYPDM.BLL.ObjectStructService,Type=HYPDM.BLL.ObjectStructService,HYPDM.BLL.Host
	Key=HYPDM.BLL.PartsService,Type=HYPDM.BLL.PartsService,HYPDM.BLL.Host
	Key=HYPDM.BLL.PhysicalFileService,Type=HYPDM.BLL.PhysicalFileService,HYPDM.BLL.Host
	Key=HYPDM.BLL.PjtChangeService,Type=HYPDM.BLL.PjtChangeService,HYPDM.BLL.Host
	Key=HYPDM.BLL.ProductDocumentService,Type=HYPDM.BLL.ProductDocumentService,HYPDM.BLL.Host
	Key=HYPDM.BLL.ProductProRecordService,Type=HYPDM.BLL.ProductProRecordService,HYPDM.BLL.Host
	Key=HYPDM.BLL.ProductService,Type=HYPDM.BLL.ProductService,HYPDM.BLL.Host
	Key=HYPDM.BLL.ProductStructService,Type=HYPDM.BLL.ProductStructService,HYPDM.BLL.Host
	Key=HYPDM.BLL.VersionService,Type=HYPDM.BLL.VersionService,HYPDM.BLL.Host

2013-08-21 15:22:53,Info - BaseDirectory:=F:\HYFrameWork\HYPDM\src\HYPDM\bin\
2013-08-21 15:22:54,Info - Location=F:\HYFrameWork\HYPDM\src\HYPDM\bin\EAS.MicroKernel.dll
2013-08-21 15:23:07,Info - 组件定义:
	Key=DbProvider,Type=EAS.Data.Access.SqlClientProvider,EAS.Data
	Key=DataAccessor,Type=EAS.Data.Access.DataAccessor,EAS.Data
	Key=OrmAccessor,Type=EAS.Data.ORM.OrmAccessor,EAS.Data
	Key=TSqlLanguage,Type=EAS.Data.Linq.TSqlLanguage,EAS.Data
	Key=ServiceBridger,Type=EAS.Services.LocalServiceBridger,EAS.MicroKernel
	Key=Logger,Type=EAS.Services.TextLogger,EAS.MicroKernel
	Key=EAS.Explorer.Resource,Type=HYPDM.Res.Resources,HYPDM.Res
	Key=EAS.Services.TimeService,Type=EAS.Services.TimeService,EAS.MicroKernel
	Key=EAS.Data.ORM.OrmAccessor,Type=EAS.Data.ORM.OrmAccessor,EAS.Data
	Key=EAS.Data.Caching.CacheService,Type=EAS.Data.Caching.CacheService,EAS.Data
	Key=EAS.Data.DataService,Type=EAS.Data.DataService,EAS.Data
	Key=EAS.Explorer.BLL.NavigationService,Type=EAS.Explorer.BLL.NavigationService,EAS.Explorer.BLL.Host
	Key=EAS.Reporting.ReportService,Type=EAS.Reporting.ReportService,EAS.Explorer.BLL.Host
	Key=EAS.Explorer.BLL.LogService,Type=EAS.Explorer.BLL.LogService,EAS.Explorer.BLL.Host
	Key=EAS.Explorer.BLL.InputDictService,Type=EAS.Explorer.BLL.InputDictService,EAS.Explorer.BLL.Host
	Key=EAS.Explorer.BLL.DesktopService,Type=EAS.Explorer.BLL.DesktopService,EAS.Explorer.BLL.Host
	Key=EAS.Explorer.BLL.ReportService,Type=EAS.Explorer.BLL.ReportService,EAS.Explorer.BLL.Host
	Key=EAS.Explorer.BLL.AppSettingService,Type=EAS.Explorer.BLL.AppSettingService,EAS.Explorer.BLL.Host
	Key=EAS.Explorer.BLL.PackageService,Type=EAS.Explorer.BLL.PackageService,EAS.Explorer.BLL.Host
	Key=EAS.Explorer.BLL.ACLService,Type=EAS.Explorer.BLL.ACLService,EAS.Explorer.BLL.Host
	Key=EAS.Explorer.BLL.ReportManageService,Type=EAS.Explorer.BLL.ReportManageService,EAS.Explorer.BLL.Host
	Key=EAS.Explorer.BLL.ModuleService,Type=EAS.Explorer.BLL.ModuleService,EAS.Explorer.BLL.Host
	Key=EAS.Explorer.BLL.RoleService,Type=EAS.Explorer.BLL.RoleService,EAS.Explorer.BLL.Host
	Key=EAS.Explorer.BLL.AccountService,Type=EAS.Explorer.BLL.AccountService,EAS.Explorer.BLL.Host
	Key=EAS.BPM.BLL.WorkflowService,Type=EAS.BPM.BLL.WorkflowService,EAS.Explorer.BLL.Host
	Key=EAS.Explorer.BLL.LoginService,Type=EAS.Explorer.BLL.LoginService,EAS.Explorer.BLL.Host
	Key=EAS.Explorer.BLL.GroupService,Type=EAS.Explorer.BLL.GroupService,EAS.Explorer.BLL.Host
	Key=HYPDM.BLL.BaseServiceObject,Type=HYPDM.BLL.BaseServiceObject,HYPDM.BLL.Host
	Key=HYPDM.BLL.ChangeService,Type=HYPDM.BLL.ChangeService,HYPDM.BLL.Host
	Key=HYPDM.BLL.DocFileListService,Type=HYPDM.BLL.DocFileListService,HYPDM.BLL.Host
	Key=HYPDM.BLL.DocumentService,Type=HYPDM.BLL.DocumentService,HYPDM.BLL.Host
	Key=HYPDM.BLL.FilterService,Type=HYPDM.BLL.FilterService,HYPDM.BLL.Host
	Key=HYPDM.BLL.MaxCodeService,Type=HYPDM.BLL.MaxCodeService,HYPDM.BLL.Host
	Key=HYPDM.BLL.ObjectStructService,Type=HYPDM.BLL.ObjectStructService,HYPDM.BLL.Host
	Key=HYPDM.BLL.PartsService,Type=HYPDM.BLL.PartsService,HYPDM.BLL.Host
	Key=HYPDM.BLL.PhysicalFileService,Type=HYPDM.BLL.PhysicalFileService,HYPDM.BLL.Host
	Key=HYPDM.BLL.PjtChangeService,Type=HYPDM.BLL.PjtChangeService,HYPDM.BLL.Host
	Key=HYPDM.BLL.ProductDocumentService,Type=HYPDM.BLL.ProductDocumentService,HYPDM.BLL.Host
	Key=HYPDM.BLL.ProductProRecordService,Type=HYPDM.BLL.ProductProRecordService,HYPDM.BLL.Host
	Key=HYPDM.BLL.ProductService,Type=HYPDM.BLL.ProductService,HYPDM.BLL.Host
	Key=HYPDM.BLL.ProductStructService,Type=HYPDM.BLL.ProductStructService,HYPDM.BLL.Host
	Key=HYPDM.BLL.VersionService,Type=HYPDM.BLL.VersionService,HYPDM.BLL.Host

2013-08-21 15:26:08,Info - BaseDirectory:=F:\HYFrameWork\HYPDM\src\HYPDM\bin\
2013-08-21 15:26:10,Info - Location=F:\HYFrameWork\HYPDM\src\HYPDM\bin\EAS.MicroKernel.dll
2013-08-21 15:26:25,Info - 组件定义:
	Key=DbProvider,Type=EAS.Data.Access.SqlClientProvider,EAS.Data
	Key=DataAccessor,Type=EAS.Data.Access.DataAccessor,EAS.Data
	Key=OrmAccessor,Type=EAS.Data.ORM.OrmAccessor,EAS.Data
	Key=TSqlLanguage,Type=EAS.Data.Linq.TSqlLanguage,EAS.Data
	Key=ServiceBridger,Type=EAS.Services.LocalServiceBridger,EAS.MicroKernel
	Key=Logger,Type=EAS.Services.TextLogger,EAS.MicroKernel
	Key=EAS.Explorer.Resource,Type=HYPDM.Res.Resources,HYPDM.Res
	Key=EAS.Services.TimeService,Type=EAS.Services.TimeService,EAS.MicroKernel
	Key=EAS.Data.ORM.OrmAccessor,Type=EAS.Data.ORM.OrmAccessor,EAS.Data
	Key=EAS.Data.Caching.CacheService,Type=EAS.Data.Caching.CacheService,EAS.Data
	Key=EAS.Data.DataService,Type=EAS.Data.DataService,EAS.Data
	Key=EAS.Explorer.BLL.NavigationService,Type=EAS.Explorer.BLL.NavigationService,EAS.Explorer.BLL.Host
	Key=EAS.Reporting.ReportService,Type=EAS.Reporting.ReportService,EAS.Explorer.BLL.Host
	Key=EAS.Explorer.BLL.LogService,Type=EAS.Explorer.BLL.LogService,EAS.Explorer.BLL.Host
	Key=EAS.Explorer.BLL.InputDictService,Type=EAS.Explorer.BLL.InputDictService,EAS.Explorer.BLL.Host
	Key=EAS.Explorer.BLL.DesktopService,Type=EAS.Explorer.BLL.DesktopService,EAS.Explorer.BLL.Host
	Key=EAS.Explorer.BLL.ReportService,Type=EAS.Explorer.BLL.ReportService,EAS.Explorer.BLL.Host
	Key=EAS.Explorer.BLL.AppSettingService,Type=EAS.Explorer.BLL.AppSettingService,EAS.Explorer.BLL.Host
	Key=EAS.Explorer.BLL.PackageService,Type=EAS.Explorer.BLL.PackageService,EAS.Explorer.BLL.Host
	Key=EAS.Explorer.BLL.ACLService,Type=EAS.Explorer.BLL.ACLService,EAS.Explorer.BLL.Host
	Key=EAS.Explorer.BLL.ReportManageService,Type=EAS.Explorer.BLL.ReportManageService,EAS.Explorer.BLL.Host
	Key=EAS.Explorer.BLL.ModuleService,Type=EAS.Explorer.BLL.ModuleService,EAS.Explorer.BLL.Host
	Key=EAS.Explorer.BLL.RoleService,Type=EAS.Explorer.BLL.RoleService,EAS.Explorer.BLL.Host
	Key=EAS.Explorer.BLL.AccountService,Type=EAS.Explorer.BLL.AccountService,EAS.Explorer.BLL.Host
	Key=EAS.BPM.BLL.WorkflowService,Type=EAS.BPM.BLL.WorkflowService,EAS.Explorer.BLL.Host
	Key=EAS.Explorer.BLL.LoginService,Type=EAS.Explorer.BLL.LoginService,EAS.Explorer.BLL.Host
	Key=EAS.Explorer.BLL.GroupService,Type=EAS.Explorer.BLL.GroupService,EAS.Explorer.BLL.Host
	Key=HYPDM.BLL.BaseServiceObject,Type=HYPDM.BLL.BaseServiceObject,HYPDM.BLL.Host
	Key=HYPDM.BLL.ChangeService,Type=HYPDM.BLL.ChangeService,HYPDM.BLL.Host
	Key=HYPDM.BLL.DocFileListService,Type=HYPDM.BLL.DocFileListService,HYPDM.BLL.Host
	Key=HYPDM.BLL.DocumentService,Type=HYPDM.BLL.DocumentService,HYPDM.BLL.Host
	Key=HYPDM.BLL.FilterService,Type=HYPDM.BLL.FilterService,HYPDM.BLL.Host
	Key=HYPDM.BLL.MaxCodeService,Type=HYPDM.BLL.MaxCodeService,HYPDM.BLL.Host
	Key=HYPDM.BLL.ObjectStructService,Type=HYPDM.BLL.ObjectStructService,HYPDM.BLL.Host
	Key=HYPDM.BLL.PartsService,Type=HYPDM.BLL.PartsService,HYPDM.BLL.Host
	Key=HYPDM.BLL.PhysicalFileService,Type=HYPDM.BLL.PhysicalFileService,HYPDM.BLL.Host
	Key=HYPDM.BLL.PjtChangeService,Type=HYPDM.BLL.PjtChangeService,HYPDM.BLL.Host
	Key=HYPDM.BLL.ProductDocumentService,Type=HYPDM.BLL.ProductDocumentService,HYPDM.BLL.Host
	Key=HYPDM.BLL.ProductProRecordService,Type=HYPDM.BLL.ProductProRecordService,HYPDM.BLL.Host
	Key=HYPDM.BLL.ProductService,Type=HYPDM.BLL.ProductService,HYPDM.BLL.Host
	Key=HYPDM.BLL.ProductStructService,Type=HYPDM.BLL.ProductStructService,HYPDM.BLL.Host
	Key=HYPDM.BLL.VersionService,Type=HYPDM.BLL.VersionService,HYPDM.BLL.Host

2013-08-21 15:26:41,Info - BaseDirectory:=F:\HYFrameWork\HYPDM\src\HYPDM\bin\
2013-08-21 15:26:42,Info - Location=F:\HYFrameWork\HYPDM\src\HYPDM\bin\EAS.MicroKernel.dll
2013-08-21 15:26:53,Info - 组件定义:
	Key=EAS.Explorer.Resource,Type=HYPDM.Res.Resources,HYPDM.Res
	Key=Serializer,Type=EAS.Serialization.BinarySerializer,EAS.MicroKernel
	Key=ServiceBridger,Type=EAS.Services.LocalServiceBridger,EAS.MicroKernel
	Key=Logger,Type=EAS.Services.TextLogger,EAS.MicroKernel
	Key=OrmAccessor,Type=EAS.Data.ORM.OrmAccessor,EAS.Data
	Key=DataAccessor,Type=EAS.Data.Access.DataAccessor,EAS.Data
	Key=DbProvider,Type=EAS.Data.Access.SqlClientProvider,EAS.Data
	Key=TSqlLanguage,Type=EAS.Data.Linq.TSqlLanguage,EAS.Data

2013-08-21 15:28:53,Info - BaseDirectory:=F:\HYFrameWork\HYPDM\src\HYPDM\bin\
2013-08-21 15:28:53,Info - Location=F:\HYFrameWork\HYPDM\src\HYPDM\bin\EAS.MicroKernel.dll
2013-08-21 15:40:11,Info - BaseDirectory:=F:\HYFrameWork\HYPDM\src\HYPDM\bin\
2013-08-21 15:40:12,Info - Location=F:\HYFrameWork\HYPDM\src\HYPDM\bin\EAS.MicroKernel.dll
2013-08-21 15:41:34,Info - BaseDirectory:=F:\HYFrameWork\HYPDM\src\HYPDM\bin\
2013-08-21 15:41:35,Info - Location=F:\HYFrameWork\HYPDM\src\HYPDM\bin\EAS.MicroKernel.dll
2013-08-21 15:42:32,Info - BaseDirectory:=F:\HYFrameWork\HYPDM\src\HYPDM\bin\
2013-08-21 15:42:33,Info - Location=F:\HYFrameWork\HYPDM\src\HYPDM\bin\EAS.MicroKernel.dll
2013-08-21 15:50:34,Info - BaseDirectory:=F:\HYFrameWork\HYPDM\src\HYPDM\bin\
2013-08-21 15:50:34,Info - Location=F:\HYFrameWork\HYPDM\src\HYPDM\bin\EAS.MicroKernel.dll
2013-08-21 15:51:22,Info - BaseDirectory:=F:\HYFrameWork\HYPDM\src\HYPDM\bin\
2013-08-21 15:51:23,Info - Location=F:\HYFrameWork\HYPDM\src\HYPDM\bin\EAS.MicroKernel.dll
2013-08-21 15:53:23,Info - BaseDirectory:=F:\HYFrameWork\HYPDM\src\HYPDM\bin\
2013-08-21 15:53:23,Info - Location=F:\HYFrameWork\HYPDM\src\HYPDM\bin\EAS.MicroKernel.dll
2013-08-21 15:59:17,Info - BaseDirectory:=F:\HYFrameWork\HYPDM\src\HYPDM\bin\
2013-08-21 15:59:18,Info - Location=F:\HYFrameWork\HYPDM\src\HYPDM\bin\EAS.MicroKernel.dll
2013-08-21 17:50:53,Info - BaseDirectory:=F:\HYFrameWork\HYPDM\src\HYPDM\bin\
2013-08-21 17:50:54,Info - Location=F:\HYFrameWork\HYPDM\src\HYPDM\bin\EAS.MicroKernel.dll
2013-08-21 18:10:55,Info - BaseDirectory:=F:\HYFrameWork\HYPDM\src\HYPDM\bin\
2013-08-21 18:10:56,Info - Location=F:\HYFrameWork\HYPDM\src\HYPDM\bin\EAS.MicroKernel.dll
