2013-07-09 09:25:31,Info - BaseDirectory:=E:\NET项目\HYPDM\bin\
2013-07-09 09:25:35,Info - BaseDirectory:=E:\NET项目\HYPDM\bin\
2013-07-09 09:25:35,Info - Location=E:\NET项目\HYPDM\bin\EAS.MicroKernel.dll
2013-07-09 09:26:15,Info - BaseDirectory:=E:\NET项目\HYPDM\bin\
2013-07-09 09:26:16,Info - Location=E:\NET项目\HYPDM\bin\EAS.MicroKernel.dll
2013-07-09 09:30:09,Info - BaseDirectory:=E:\NET项目\HYPDM\bin\
2013-07-09 09:30:09,Info - Location=E:\NET项目\HYPDM\bin\EAS.MicroKernel.dll
2013-07-09 09:31:47,Info - BaseDirectory:=E:\NET项目\HYPDM\bin\
2013-07-09 09:31:52,Info - BaseDirectory:=E:\NET项目\HYPDM\bin\
2013-07-09 09:31:52,Info - Location=E:\NET项目\HYPDM\bin\EAS.MicroKernel.dll
2013-07-09 09:33:03,Info - BaseDirectory:=E:\NET项目\HYPDM\bin\
2013-07-09 09:33:08,Info - BaseDirectory:=E:\NET项目\HYPDM\bin\
2013-07-09 09:33:09,Info - BaseDirectory:=E:\NET项目\HYPDM\bin\
2013-07-09 09:33:10,Info - Location=E:\NET项目\HYPDM\bin\EAS.MicroKernel.dll
2013-07-09 09:33:54,Info - BaseDirectory:=E:\NET项目\HYPDM\bin\
2013-07-09 09:33:54,Info - Location=E:\NET项目\HYPDM\bin\EAS.MicroKernel.dll
2013-07-09 09:33:58,Info - BaseDirectory:=E:\NET项目\HYPDM\bin\
2013-07-09 09:33:58,Info - Location=E:\NET项目\HYPDM\bin\EAS.MicroKernel.dll
2013-07-09 09:47:26,Info - BaseDirectory:=E:\NET项目\HYPDM\bin\
2013-07-09 09:47:27,Info - Location=E:\NET项目\HYPDM\bin\EAS.MicroKernel.dll
2013-07-09 09:49:20,Info - BaseDirectory:=E:\NET项目\HYPDM\bin\
2013-07-09 09:49:25,Info - BaseDirectory:=E:\NET项目\HYPDM\bin\
2013-07-09 09:49:26,Info - Location=E:\NET项目\HYPDM\bin\EAS.MicroKernel.dll
2013-07-09 09:54:56,Info - BaseDirectory:=E:\NET项目\HYPDM\bin\
2013-07-09 09:55:15,Info - BaseDirectory:=E:\NET项目\HYPDM\bin\
2013-07-09 09:55:16,Info - Location=E:\NET项目\HYPDM\bin\EAS.MicroKernel.dll
2013-07-09 09:57:11,Info - BaseDirectory:=E:\NET项目\HYPDM\bin\
2013-07-09 09:57:11,Info - Location=E:\NET项目\HYPDM\bin\EAS.MicroKernel.dll
2013-07-09 10:09:51,Info - BaseDirectory:=E:\NET项目\HYPDM\bin\
2013-07-09 10:09:51,Info - Location=E:\NET项目\HYPDM\bin\EAS.MicroKernel.dll
2013-07-09 10:11:06,Info - BaseDirectory:=E:\NET项目\HYPDM\bin\
2013-07-09 10:11:08,Info - BaseDirectory:=E:\NET项目\HYPDM\bin\
2013-07-09 10:11:08,Info - Location=E:\NET项目\HYPDM\bin\EAS.MicroKernel.dll
2013-07-09 10:11:46,Info - BaseDirectory:=E:\NET项目\HYPDM\bin\
2013-07-09 10:11:47,Info - BaseDirectory:=E:\NET项目\HYPDM\bin\
2013-07-09 10:11:48,Info - Location=E:\NET项目\HYPDM\bin\EAS.MicroKernel.dll
2013-07-09 10:12:15,Info - BaseDirectory:=E:\NET项目\HYPDM\bin\
2013-07-09 10:12:19,Info - BaseDirectory:=E:\NET项目\HYPDM\bin\
2013-07-09 10:12:24,Info - BaseDirectory:=E:\NET项目\HYPDM\bin\
2013-07-09 10:12:29,Info - BaseDirectory:=E:\NET项目\HYPDM\bin\
2013-07-09 10:12:29,Info - Location=E:\NET项目\HYPDM\bin\EAS.MicroKernel.dll
2013-07-09 10:33:51,Info - BaseDirectory:=E:\NET项目\HYPDM\bin\
2013-07-09 10:33:52,Info - Location=E:\NET项目\HYPDM\bin\EAS.MicroKernel.dll
2013-07-09 10:35:41,Info - BaseDirectory:=E:\NET项目\HYPDM\bin\
2013-07-09 10:35:45,Info - BaseDirectory:=E:\NET项目\HYPDM\bin\
2013-07-09 10:35:50,Info - BaseDirectory:=E:\NET项目\HYPDM\bin\
2013-07-09 10:35:51,Info - Location=E:\NET项目\HYPDM\bin\EAS.MicroKernel.dll
2013-07-09 10:35:52,Info - BaseDirectory:=E:\NET项目\HYPDM\bin\
2013-07-09 10:35:52,Info - Location=E:\NET项目\HYPDM\bin\EAS.MicroKernel.dll
2013-07-09 10:36:55,Info - BaseDirectory:=E:\NET项目\HYPDM\bin\
2013-07-09 10:36:56,Info - Location=E:\NET项目\HYPDM\bin\EAS.MicroKernel.dll
2013-07-09 10:41:08,Info - BaseDirectory:=E:\NET项目\HYPDM\bin\
2013-07-09 10:41:09,Info - Location=E:\NET项目\HYPDM\bin\EAS.MicroKernel.dll
2013-07-09 10:47:48,Info - BaseDirectory:=E:\NET项目\HYPDM\bin\
2013-07-09 10:47:54,Info - BaseDirectory:=E:\NET项目\HYPDM\bin\
2013-07-09 10:47:57,Info - BaseDirectory:=E:\NET项目\HYPDM\bin\
2013-07-09 10:47:57,Info - Location=E:\NET项目\HYPDM\bin\EAS.MicroKernel.dll
2013-07-09 10:50:22,Info - BaseDirectory:=E:\NET项目\HYPDM\bin\
2013-07-09 10:50:23,Info - BaseDirectory:=E:\NET项目\HYPDM\bin\
2013-07-09 10:50:24,Info - Location=E:\NET项目\HYPDM\bin\EAS.MicroKernel.dll
2013-07-09 10:57:41,Info - BaseDirectory:=E:\NET项目\HYPDM\bin\
2013-07-09 10:57:42,Info - Location=E:\NET项目\HYPDM\bin\EAS.MicroKernel.dll
2013-07-09 10:59:14,Info - BaseDirectory:=E:\NET项目\HYPDM\bin\
2013-07-09 10:59:14,Info - Location=E:\NET项目\HYPDM\bin\EAS.MicroKernel.dll
2013-07-09 10:59:15,Info - BaseDirectory:=E:\NET项目\HYPDM\bin\
2013-07-09 10:59:16,Info - Location=E:\NET项目\HYPDM\bin\EAS.MicroKernel.dll
2013-07-09 11:00:14,Info - BaseDirectory:=E:\NET项目\HYPDM\bin\
2013-07-09 11:00:20,Info - BaseDirectory:=E:\NET项目\HYPDM\bin\
2013-07-09 11:00:21,Info - Location=E:\NET项目\HYPDM\bin\EAS.MicroKernel.dll
2013-07-09 11:01:30,Info - BaseDirectory:=E:\NET项目\HYPDM\bin\
2013-07-09 11:01:36,Info - BaseDirectory:=E:\NET项目\HYPDM\bin\
2013-07-09 11:01:37,Info - Location=E:\NET项目\HYPDM\bin\EAS.MicroKernel.dll
2013-07-09 11:03:39,Info - BaseDirectory:=E:\NET项目\HYPDM\bin\
2013-07-09 11:03:40,Info - Location=E:\NET项目\HYPDM\bin\EAS.MicroKernel.dll
2013-07-09 11:09:55,Info - BaseDirectory:=E:\NET项目\HYPDM\bin\
2013-07-09 11:09:57,Info - BaseDirectory:=E:\NET项目\HYPDM\bin\
2013-07-09 11:09:57,Info - Location=E:\NET项目\HYPDM\bin\EAS.MicroKernel.dll
2013-07-09 11:22:40,Info - BaseDirectory:=E:\NET项目\HYPDM\bin\
2013-07-09 11:22:41,Info - Location=E:\NET项目\HYPDM\bin\EAS.MicroKernel.dll
2013-07-09 11:26:34,Info - BaseDirectory:=E:\NET项目\HYPDM\bin\
2013-07-09 11:26:35,Info - Location=E:\NET项目\HYPDM\bin\EAS.MicroKernel.dll
2013-07-09 11:29:26,Info - BaseDirectory:=E:\NET项目\HYPDM\bin\
2013-07-09 11:29:28,Info - BaseDirectory:=E:\NET项目\HYPDM\bin\
2013-07-09 11:29:28,Info - Location=E:\NET项目\HYPDM\bin\EAS.MicroKernel.dll
2013-07-09 11:33:03,Info - BaseDirectory:=E:\NET项目\HYPDM\bin\
2013-07-09 11:33:03,Info - Location=E:\NET项目\HYPDM\bin\EAS.MicroKernel.dll
2013-07-09 13:43:38,Info - BaseDirectory:=E:\NET项目\HYPDM\bin\
2013-07-09 13:43:42,Info - BaseDirectory:=E:\NET项目\HYPDM\bin\
2013-07-09 13:43:42,Info - Location=E:\NET项目\HYPDM\bin\EAS.MicroKernel.dll
2013-07-09 13:47:19,Info - BaseDirectory:=E:\NET项目\HYPDM\bin\
2013-07-09 13:47:19,Info - Location=E:\NET项目\HYPDM\bin\EAS.MicroKernel.dll
2013-07-09 15:25:52,Info - BaseDirectory:=D:\My Documents\GitHub\HYPDM\src\HYPDM\bin\
2013-07-09 15:26:04,Info - BaseDirectory:=D:\My Documents\GitHub\HYPDM\src\HYPDM\bin\
2013-07-09 15:26:12,Info - BaseDirectory:=D:\My Documents\GitHub\HYPDM\src\HYPDM\bin\
2013-07-09 15:26:13,Info - Location=D:\My Documents\GitHub\HYPDM\src\HYPDM\bin\EAS.MicroKernel.dll
2013-07-09 15:28:14,Info - BaseDirectory:=D:\My Documents\GitHub\HYPDM\src\HYPDM\bin\
2013-07-09 15:28:21,Info - BaseDirectory:=D:\My Documents\GitHub\HYPDM\src\HYPDM\bin\
2013-07-09 15:28:29,Info - BaseDirectory:=D:\My Documents\GitHub\HYPDM\src\HYPDM\bin\
2013-07-09 15:28:38,Info - BaseDirectory:=D:\My Documents\GitHub\HYPDM\src\HYPDM\bin\
2013-07-09 15:28:49,Info - BaseDirectory:=D:\My Documents\GitHub\HYPDM\src\HYPDM\bin\
2013-07-09 15:29:05,Info - BaseDirectory:=D:\My Documents\GitHub\HYPDM\src\HYPDM\bin\
2013-07-09 15:30:12,Info - BaseDirectory:=D:\My Documents\GitHub\HYPDM\src\HYPDM\bin\
2013-07-09 15:30:31,Info - BaseDirectory:=D:\My Documents\GitHub\HYPDM\src\HYPDM\bin\
2013-07-09 15:30:39,Info - BaseDirectory:=D:\My Documents\GitHub\HYPDM\src\HYPDM\bin\
2013-07-09 15:30:45,Info - BaseDirectory:=D:\My Documents\GitHub\HYPDM\src\HYPDM\bin\
2013-07-09 15:30:45,Info - Location=D:\My Documents\GitHub\HYPDM\src\HYPDM\bin\EAS.MicroKernel.dll
2013-07-09 15:32:06,Info - BaseDirectory:=D:\My Documents\GitHub\HYPDM\src\HYPDM\bin\
2013-07-09 15:32:12,Info - BaseDirectory:=D:\My Documents\GitHub\HYPDM\src\HYPDM\bin\
2013-07-09 15:32:12,Info - Location=D:\My Documents\GitHub\HYPDM\src\HYPDM\bin\EAS.MicroKernel.dll
2013-07-09 15:35:51,Info - BaseDirectory:=D:\My Documents\GitHub\HYPDM\src\HYPDM\bin\
2013-07-09 15:36:08,Info - BaseDirectory:=D:\My Documents\GitHub\HYPDM\src\HYPDM\bin\
2013-07-09 15:36:19,Info - BaseDirectory:=D:\My Documents\GitHub\HYPDM\src\HYPDM\bin\
2013-07-09 15:36:28,Info - BaseDirectory:=D:\My Documents\GitHub\HYPDM\src\HYPDM\bin\
2013-07-09 15:36:42,Info - BaseDirectory:=D:\My Documents\GitHub\HYPDM\src\HYPDM\bin\
2013-07-09 15:36:54,Info - BaseDirectory:=D:\My Documents\GitHub\HYPDM\src\HYPDM\bin\
2013-07-09 15:37:00,Info - BaseDirectory:=D:\My Documents\GitHub\HYPDM\src\HYPDM\bin\
2013-07-09 15:37:07,Info - BaseDirectory:=D:\My Documents\GitHub\HYPDM\src\HYPDM\bin\
2013-07-09 15:37:14,Info - BaseDirectory:=D:\My Documents\GitHub\HYPDM\src\HYPDM\bin\
2013-07-09 15:37:21,Info - BaseDirectory:=D:\My Documents\GitHub\HYPDM\src\HYPDM\bin\
2013-07-09 15:37:54,Info - BaseDirectory:=D:\My Documents\GitHub\HYPDM\src\HYPDM\bin\
2013-07-09 15:38:11,Info - BaseDirectory:=D:\My Documents\GitHub\HYPDM\src\HYPDM\bin\
2013-07-09 15:38:11,Info - Location=D:\My Documents\GitHub\HYPDM\src\HYPDM\bin\EAS.MicroKernel.dll
2013-07-09 15:39:44,Info - BaseDirectory:=D:\My Documents\GitHub\HYPDM\src\HYPDM\bin\
2013-07-09 15:39:51,Info - BaseDirectory:=D:\My Documents\GitHub\HYPDM\src\HYPDM\bin\
2013-07-09 15:40:02,Info - BaseDirectory:=D:\My Documents\GitHub\HYPDM\src\HYPDM\bin\
2013-07-09 15:40:36,Info - BaseDirectory:=D:\My Documents\GitHub\HYPDM\src\HYPDM\bin\
2013-07-09 15:41:08,Info - BaseDirectory:=D:\My Documents\GitHub\HYPDM\src\HYPDM\bin\
2013-07-09 15:41:14,Info - BaseDirectory:=D:\My Documents\GitHub\HYPDM\src\HYPDM\bin\
2013-07-09 15:41:19,Info - BaseDirectory:=D:\My Documents\GitHub\HYPDM\src\HYPDM\bin\
2013-07-09 15:41:20,Info - Location=D:\My Documents\GitHub\HYPDM\src\HYPDM\bin\EAS.MicroKernel.dll
2013-07-09 15:42:05,Info - BaseDirectory:=D:\My Documents\GitHub\HYPDM\src\HYPDM\bin\
2013-07-09 16:08:21,Info - BaseDirectory:=C:\Users\wliu\Documents\GitHub\HYPDM\src\HYPDM\bin\
2013-07-09 16:08:32,Info - BaseDirectory:=C:\Users\wliu\Documents\GitHub\HYPDM\src\HYPDM\bin\
2013-07-09 16:08:51,Info - BaseDirectory:=C:\Users\wliu\Documents\GitHub\HYPDM\src\HYPDM\bin\
2013-07-09 16:08:54,Info - BaseDirectory:=C:\Users\wliu\Documents\GitHub\HYPDM\src\HYPDM\bin\
2013-07-09 16:08:55,Info - Location=C:\Users\wliu\Documents\GitHub\HYPDM\src\HYPDM\bin\EAS.MicroKernel.dll
2013-07-09 16:10:57,Info - BaseDirectory:=C:\Users\wliu\Documents\GitHub\HYPDM\src\HYPDM\bin\
2013-07-09 16:10:58,Info - Location=C:\Users\wliu\Documents\GitHub\HYPDM\src\HYPDM\bin\EAS.MicroKernel.dll
2013-07-09 16:11:40,Info - BaseDirectory:=C:\Users\wliu\Documents\GitHub\HYPDM\src\HYPDM\bin\
2013-07-09 16:11:40,Info - Location=C:\Users\wliu\Documents\GitHub\HYPDM\src\HYPDM\bin\EAS.MicroKernel.dll
2013-07-09 16:11:58,Info - BaseDirectory:=C:\Users\wliu\Documents\GitHub\HYPDM\src\HYPDM\bin\
2013-07-09 16:12:04,Info - BaseDirectory:=C:\Users\wliu\Documents\GitHub\HYPDM\src\HYPDM\bin\
2013-07-09 16:12:07,Info - BaseDirectory:=C:\Users\wliu\Documents\GitHub\HYPDM\src\HYPDM\bin\
2013-07-09 16:12:07,Info - Location=C:\Users\wliu\Documents\GitHub\HYPDM\src\HYPDM\bin\EAS.MicroKernel.dll
2013-07-09 16:13:18,Info - BaseDirectory:=C:\Users\wliu\Documents\GitHub\HYPDM\src\HYPDM\bin\
2013-07-09 16:13:20,Info - BaseDirectory:=C:\Users\wliu\Documents\GitHub\HYPDM\src\HYPDM\bin\
2013-07-09 16:13:20,Info - Location=C:\Users\wliu\Documents\GitHub\HYPDM\src\HYPDM\bin\EAS.MicroKernel.dll
2013-07-09 16:13:44,Info - BaseDirectory:=C:\Users\wliu\Documents\GitHub\HYPDM\src\HYPDM\bin\
2013-07-09 16:13:47,Info - BaseDirectory:=C:\Users\wliu\Documents\GitHub\HYPDM\src\HYPDM\bin\
2013-07-09 16:13:47,Info - Location=C:\Users\wliu\Documents\GitHub\HYPDM\src\HYPDM\bin\EAS.MicroKernel.dll
2013-07-09 16:38:29,Info - BaseDirectory:=C:\Users\wliu\Documents\GitHub\HYPDM\src\HYPDM\bin\
2013-07-09 16:38:30,Info - Location=C:\Users\wliu\Documents\GitHub\HYPDM\src\HYPDM\bin\EAS.MicroKernel.dll
2013-07-09 16:40:55,Info - BaseDirectory:=C:\Users\wliu\Documents\GitHub\HYPDM\src\HYPDM\bin\
2013-07-09 16:40:59,Info - BaseDirectory:=C:\Users\wliu\Documents\GitHub\HYPDM\src\HYPDM\bin\
2013-07-09 16:41:00,Info - Location=C:\Users\wliu\Documents\GitHub\HYPDM\src\HYPDM\bin\EAS.MicroKernel.dll
2013-07-09 16:41:59,Info - BaseDirectory:=C:\Users\wliu\Documents\GitHub\HYPDM\src\HYPDM\bin\
2013-07-09 16:42:00,Info - Location=C:\Users\wliu\Documents\GitHub\HYPDM\src\HYPDM\bin\EAS.MicroKernel.dll
2013-07-09 16:43:38,Info - BaseDirectory:=C:\Users\wliu\Documents\GitHub\HYPDM\src\HYPDM\bin\
2013-07-09 16:43:39,Info - Location=C:\Users\wliu\Documents\GitHub\HYPDM\src\HYPDM\bin\EAS.MicroKernel.dll
2013-07-09 16:43:48,Info - BaseDirectory:=C:\Users\wliu\Documents\GitHub\HYPDM\src\HYPDM\bin\
2013-07-09 16:43:50,Info - BaseDirectory:=C:\Users\wliu\Documents\GitHub\HYPDM\src\HYPDM\bin\
2013-07-09 16:43:50,Info - Location=C:\Users\wliu\Documents\GitHub\HYPDM\src\HYPDM\bin\EAS.MicroKernel.dll
2013-07-09 16:45:31,Info - BaseDirectory:=C:\Users\wliu\Documents\GitHub\HYPDM\src\HYPDM\bin\
2013-07-09 16:45:32,Info - Location=C:\Users\wliu\Documents\GitHub\HYPDM\src\HYPDM\bin\EAS.MicroKernel.dll
2013-07-09 16:45:46,Info - BaseDirectory:=C:\Users\wliu\Documents\GitHub\HYPDM\src\HYPDM\bin\
2013-07-09 16:45:48,Info - BaseDirectory:=C:\Users\wliu\Documents\GitHub\HYPDM\src\HYPDM\bin\
2013-07-09 16:45:48,Info - Location=C:\Users\wliu\Documents\GitHub\HYPDM\src\HYPDM\bin\EAS.MicroKernel.dll
2013-07-09 16:47:14,Info - BaseDirectory:=C:\Users\wliu\Documents\GitHub\HYPDM\src\HYPDM\bin\
2013-07-09 16:47:15,Info - Location=C:\Users\wliu\Documents\GitHub\HYPDM\src\HYPDM\bin\EAS.MicroKernel.dll
2013-07-09 16:47:22,Info - BaseDirectory:=C:\Users\wliu\Documents\GitHub\HYPDM\src\HYPDM\bin\
2013-07-09 16:47:29,Info - BaseDirectory:=C:\Users\wliu\Documents\GitHub\HYPDM\src\HYPDM\bin\
2013-07-09 16:47:36,Info - BaseDirectory:=C:\Users\wliu\Documents\GitHub\HYPDM\src\HYPDM\bin\
2013-07-09 16:47:43,Info - BaseDirectory:=C:\Users\wliu\Documents\GitHub\HYPDM\src\HYPDM\bin\
2013-07-09 16:47:44,Info - Location=C:\Users\wliu\Documents\GitHub\HYPDM\src\HYPDM\bin\EAS.MicroKernel.dll
2013-07-09 16:48:28,Info - BaseDirectory:=C:\Users\wliu\Documents\GitHub\HYPDM\src\HYPDM\bin\
2013-07-09 16:49:51,Info - BaseDirectory:=C:\Users\wliu\Documents\GitHub\HYPDM\src\HYPDM\bin\
2013-07-09 16:50:02,Info - BaseDirectory:=C:\Users\wliu\Documents\GitHub\HYPDM\src\HYPDM\bin\
2013-07-09 16:50:02,Info - Location=C:\Users\wliu\Documents\GitHub\HYPDM\src\HYPDM\bin\EAS.MicroKernel.dll
2013-07-09 17:12:13,Info - BaseDirectory:=C:\Users\wliu\Documents\GitHub\HYPDM\src\HYPDM\bin\
2013-07-09 17:12:14,Info - Location=C:\Users\wliu\Documents\GitHub\HYPDM\src\HYPDM\bin\EAS.MicroKernel.dll
2013-07-09 17:12:18,Info - BaseDirectory:=C:\Users\wliu\Documents\GitHub\HYPDM\src\HYPDM\bin\
2013-07-09 17:12:19,Info - Location=C:\Users\wliu\Documents\GitHub\HYPDM\src\HYPDM\bin\EAS.MicroKernel.dll
